{"C:\\Hacktiv8\\Phase 3\\FINAL_PROJECT\\ScholarSeek-Server\\app.js": {"path":"C:\\Hacktiv8\\Phase 3\\FINAL_PROJECT\\ScholarSeek-Server\\app.js","statementMap":{"0":{"start":{"line":1,"column":0},"end":{"line":3,"column":3}},"1":{"start":{"line":2,"column":4},"end":{"line":2,"column":31}},"2":{"start":{"line":4,"column":18},"end":{"line":4,"column":36}},"3":{"start":{"line":5,"column":25},"end":{"line":5,"column":63}},"4":{"start":{"line":6,"column":14},"end":{"line":6,"column":23}},"5":{"start":{"line":7,"column":15},"end":{"line":7,"column":39}},"6":{"start":{"line":8,"column":17},"end":{"line":8,"column":36}},"7":{"start":{"line":9,"column":15},"end":{"line":9,"column":30}},"8":{"start":{"line":11,"column":2},"end":{"line":11,"column":17}},"9":{"start":{"line":12,"column":2},"end":{"line":12,"column":50}},"10":{"start":{"line":13,"column":2},"end":{"line":13,"column":26}},"11":{"start":{"line":15,"column":2},"end":{"line":17,"column":4}},"12":{"start":{"line":16,"column":4},"end":{"line":16,"column":28}},"13":{"start":{"line":18,"column":2},"end":{"line":18,"column":18}},"14":{"start":{"line":19,"column":2},"end":{"line":19,"column":22}},"15":{"start":{"line":26,"column":2},"end":{"line":26,"column":22}}},"fnMap":{"0":{"name":"(anonymous_0)","decl":{"start":{"line":15,"column":15},"end":{"line":15,"column":16}},"loc":{"start":{"line":15,"column":29},"end":{"line":17,"column":3}},"line":15}},"branchMap":{"0":{"loc":{"start":{"line":1,"column":0},"end":{"line":3,"column":3}},"type":"if","locations":[{"start":{"line":1,"column":0},"end":{"line":3,"column":3}},{"start":{},"end":{}}],"line":1},"1":{"loc":{"start":{"line":7,"column":15},"end":{"line":7,"column":39}},"type":"binary-expr","locations":[{"start":{"line":7,"column":15},"end":{"line":7,"column":31}},{"start":{"line":7,"column":35},"end":{"line":7,"column":39}}],"line":7}},"s":{"0":2,"1":2,"2":2,"3":2,"4":2,"5":2,"6":2,"7":2,"8":2,"9":2,"10":2,"11":2,"12":1,"13":2,"14":2,"15":2},"f":{"0":1},"b":{"0":[2,0],"1":[2,2]},"_coverageSchema":"1a1c01bbd47fc00a2c39e90264f33305004495a9","hash":"65d899f8591b7b673360a39cce2a0dae828d761f"}
,"C:\\Hacktiv8\\Phase 3\\FINAL_PROJECT\\ScholarSeek-Server\\controllers\\adminController.js": {"path":"C:\\Hacktiv8\\Phase 3\\FINAL_PROJECT\\ScholarSeek-Server\\controllers\\adminController.js","statementMap":{"0":{"start":{"line":1,"column":30},"end":{"line":1,"column":50}},"1":{"start":{"line":2,"column":28},"end":{"line":2,"column":56}},"2":{"start":{"line":3,"column":22},"end":{"line":3,"column":47}},"3":{"start":{"line":4,"column":15},"end":{"line":4,"column":35}},"4":{"start":{"line":8,"column":4},"end":{"line":31,"column":5}},"5":{"start":{"line":9,"column":6},"end":{"line":9,"column":28}},"6":{"start":{"line":10,"column":34},"end":{"line":10,"column":42}},"7":{"start":{"line":11,"column":6},"end":{"line":11,"column":62}},"8":{"start":{"line":11,"column":31},"end":{"line":11,"column":62}},"9":{"start":{"line":13,"column":19},"end":{"line":13,"column":59}},"10":{"start":{"line":14,"column":6},"end":{"line":14,"column":57}},"11":{"start":{"line":14,"column":17},"end":{"line":14,"column":57}},"12":{"start":{"line":16,"column":30},"end":{"line":16,"column":70}},"13":{"start":{"line":17,"column":6},"end":{"line":17,"column":68}},"14":{"start":{"line":17,"column":28},"end":{"line":17,"column":68}},"15":{"start":{"line":19,"column":27},"end":{"line":19,"column":53}},"16":{"start":{"line":20,"column":6},"end":{"line":27,"column":11}},"17":{"start":{"line":29,"column":6},"end":{"line":29,"column":23}},"18":{"start":{"line":30,"column":6},"end":{"line":30,"column":16}},"19":{"start":{"line":35,"column":4},"end":{"line":50,"column":5}},"20":{"start":{"line":36,"column":55},"end":{"line":36,"column":63}},"21":{"start":{"line":37,"column":23},"end":{"line":37,"column":71}},"22":{"start":{"line":39,"column":19},"end":{"line":46,"column":8}},"23":{"start":{"line":47,"column":6},"end":{"line":47,"column":66}},"24":{"start":{"line":49,"column":6},"end":{"line":49,"column":16}},"25":{"start":{"line":54,"column":4},"end":{"line":141,"column":5}},"26":{"start":{"line":56,"column":8},"end":{"line":56,"column":70}},"27":{"start":{"line":58,"column":8},"end":{"line":58,"column":70}},"28":{"start":{"line":60,"column":21},"end":{"line":82,"column":7}},"29":{"start":{"line":84,"column":6},"end":{"line":89,"column":10}},"30":{"start":{"line":85,"column":8},"end":{"line":89,"column":10}},"31":{"start":{"line":90,"column":6},"end":{"line":96,"column":7}},"32":{"start":{"line":94,"column":30},"end":{"line":94,"column":64}},"33":{"start":{"line":95,"column":8},"end":{"line":95,"column":51}},"34":{"start":{"line":97,"column":6},"end":{"line":107,"column":7}},"35":{"start":{"line":98,"column":29},"end":{"line":100,"column":51}},"36":{"start":{"line":100,"column":30},"end":{"line":100,"column":50}},"37":{"start":{"line":101,"column":8},"end":{"line":106,"column":9}},"38":{"start":{"line":102,"column":10},"end":{"line":105,"column":12}},"39":{"start":{"line":108,"column":6},"end":{"line":118,"column":7}},"40":{"start":{"line":109,"column":32},"end":{"line":111,"column":59}},"41":{"start":{"line":111,"column":34},"end":{"line":111,"column":58}},"42":{"start":{"line":112,"column":8},"end":{"line":117,"column":9}},"43":{"start":{"line":113,"column":10},"end":{"line":116,"column":12}},"44":{"start":{"line":119,"column":6},"end":{"line":129,"column":7}},"45":{"start":{"line":120,"column":31},"end":{"line":122,"column":53}},"46":{"start":{"line":122,"column":31},"end":{"line":122,"column":52}},"47":{"start":{"line":123,"column":8},"end":{"line":128,"column":9}},"48":{"start":{"line":124,"column":10},"end":{"line":127,"column":12}},"49":{"start":{"line":130,"column":6},"end":{"line":130,"column":48}},"50":{"start":{"line":132,"column":30},"end":{"line":132,"column":71}},"51":{"start":{"line":137,"column":6},"end":{"line":137,"column":77}},"52":{"start":{"line":139,"column":6},"end":{"line":139,"column":23}},"53":{"start":{"line":140,"column":6},"end":{"line":140,"column":16}},"54":{"start":{"line":144,"column":4},"end":{"line":184,"column":5}},"55":{"start":{"line":145,"column":28},"end":{"line":145,"column":45}},"56":{"start":{"line":146,"column":26},"end":{"line":146,"column":36}},"57":{"start":{"line":147,"column":35},"end":{"line":147,"column":74}},"58":{"start":{"line":148,"column":21},"end":{"line":148,"column":56}},"59":{"start":{"line":149,"column":19},"end":{"line":149,"column":21}},"60":{"start":{"line":150,"column":21},"end":{"line":161,"column":7}},"61":{"start":{"line":162,"column":6},"end":{"line":168,"column":9}},"62":{"start":{"line":163,"column":8},"end":{"line":167,"column":9}},"63":{"start":{"line":164,"column":10},"end":{"line":164,"column":42}},"64":{"start":{"line":165,"column":15},"end":{"line":167,"column":9}},"65":{"start":{"line":166,"column":10},"end":{"line":166,"column":40}},"66":{"start":{"line":169,"column":6},"end":{"line":171,"column":9}},"67":{"start":{"line":170,"column":8},"end":{"line":170,"column":57}},"68":{"start":{"line":172,"column":6},"end":{"line":172,"column":28}},"69":{"start":{"line":173,"column":30},"end":{"line":178,"column":8}},"70":{"start":{"line":180,"column":6},"end":{"line":180,"column":44}},"71":{"start":{"line":182,"column":6},"end":{"line":182,"column":23}},"72":{"start":{"line":183,"column":6},"end":{"line":183,"column":16}},"73":{"start":{"line":187,"column":4},"end":{"line":228,"column":5}},"74":{"start":{"line":188,"column":6},"end":{"line":188,"column":35}},"75":{"start":{"line":189,"column":19},"end":{"line":191,"column":8}},"76":{"start":{"line":192,"column":6},"end":{"line":192,"column":24}},"77":{"start":{"line":193,"column":6},"end":{"line":196,"column":10}},"78":{"start":{"line":194,"column":8},"end":{"line":196,"column":10}},"79":{"start":{"line":198,"column":21},"end":{"line":223,"column":7}},"80":{"start":{"line":224,"column":6},"end":{"line":224,"column":35}},"81":{"start":{"line":226,"column":6},"end":{"line":226,"column":23}},"82":{"start":{"line":227,"column":6},"end":{"line":227,"column":16}},"83":{"start":{"line":231,"column":4},"end":{"line":285,"column":5}},"84":{"start":{"line":233,"column":26},"end":{"line":235,"column":8}},"85":{"start":{"line":236,"column":6},"end":{"line":236,"column":51}},"86":{"start":{"line":236,"column":24},"end":{"line":236,"column":51}},"87":{"start":{"line":237,"column":6},"end":{"line":237,"column":41}},"88":{"start":{"line":238,"column":28},"end":{"line":238,"column":45}},"89":{"start":{"line":239,"column":26},"end":{"line":239,"column":36}},"90":{"start":{"line":240,"column":35},"end":{"line":240,"column":74}},"91":{"start":{"line":241,"column":21},"end":{"line":241,"column":56}},"92":{"start":{"line":242,"column":19},"end":{"line":242,"column":21}},"93":{"start":{"line":243,"column":21},"end":{"line":254,"column":7}},"94":{"start":{"line":255,"column":6},"end":{"line":261,"column":9}},"95":{"start":{"line":256,"column":8},"end":{"line":260,"column":9}},"96":{"start":{"line":257,"column":10},"end":{"line":257,"column":42}},"97":{"start":{"line":258,"column":15},"end":{"line":260,"column":9}},"98":{"start":{"line":259,"column":10},"end":{"line":259,"column":40}},"99":{"start":{"line":262,"column":6},"end":{"line":264,"column":9}},"100":{"start":{"line":263,"column":8},"end":{"line":263,"column":57}},"101":{"start":{"line":266,"column":21},"end":{"line":277,"column":7}},"102":{"start":{"line":278,"column":6},"end":{"line":278,"column":26}},"103":{"start":{"line":279,"column":6},"end":{"line":281,"column":9}},"104":{"start":{"line":283,"column":6},"end":{"line":283,"column":23}},"105":{"start":{"line":284,"column":6},"end":{"line":284,"column":16}},"106":{"start":{"line":288,"column":4},"end":{"line":297,"column":5}},"107":{"start":{"line":289,"column":19},"end":{"line":291,"column":8}},"108":{"start":{"line":292,"column":6},"end":{"line":292,"column":44}},"109":{"start":{"line":292,"column":17},"end":{"line":292,"column":44}},"110":{"start":{"line":293,"column":6},"end":{"line":293,"column":70}},"111":{"start":{"line":294,"column":6},"end":{"line":294,"column":74}},"112":{"start":{"line":296,"column":6},"end":{"line":296,"column":16}},"113":{"start":{"line":301,"column":0},"end":{"line":301,"column":33}}},"fnMap":{"0":{"name":"(anonymous_0)","decl":{"start":{"line":7,"column":2},"end":{"line":7,"column":3}},"loc":{"start":{"line":7,"column":41},"end":{"line":32,"column":3}},"line":7},"1":{"name":"(anonymous_1)","decl":{"start":{"line":34,"column":2},"end":{"line":34,"column":3}},"loc":{"start":{"line":34,"column":44},"end":{"line":51,"column":3}},"line":34},"2":{"name":"(anonymous_2)","decl":{"start":{"line":53,"column":2},"end":{"line":53,"column":3}},"loc":{"start":{"line":53,"column":50},"end":{"line":142,"column":3}},"line":53},"3":{"name":"(anonymous_3)","decl":{"start":{"line":100,"column":18},"end":{"line":100,"column":19}},"loc":{"start":{"line":100,"column":30},"end":{"line":100,"column":50}},"line":100},"4":{"name":"(anonymous_4)","decl":{"start":{"line":111,"column":18},"end":{"line":111,"column":19}},"loc":{"start":{"line":111,"column":34},"end":{"line":111,"column":58}},"line":111},"5":{"name":"(anonymous_5)","decl":{"start":{"line":122,"column":18},"end":{"line":122,"column":19}},"loc":{"start":{"line":122,"column":31},"end":{"line":122,"column":52}},"line":122},"6":{"name":"(anonymous_6)","decl":{"start":{"line":143,"column":2},"end":{"line":143,"column":3}},"loc":{"start":{"line":143,"column":48},"end":{"line":185,"column":3}},"line":143},"7":{"name":"(anonymous_7)","decl":{"start":{"line":162,"column":21},"end":{"line":162,"column":22}},"loc":{"start":{"line":162,"column":32},"end":{"line":168,"column":7}},"line":162},"8":{"name":"(anonymous_8)","decl":{"start":{"line":169,"column":28},"end":{"line":169,"column":29}},"loc":{"start":{"line":169,"column":39},"end":{"line":171,"column":7}},"line":169},"9":{"name":"(anonymous_9)","decl":{"start":{"line":186,"column":2},"end":{"line":186,"column":3}},"loc":{"start":{"line":186,"column":51},"end":{"line":229,"column":3}},"line":186},"10":{"name":"(anonymous_10)","decl":{"start":{"line":230,"column":2},"end":{"line":230,"column":3}},"loc":{"start":{"line":230,"column":51},"end":{"line":286,"column":3}},"line":230},"11":{"name":"(anonymous_11)","decl":{"start":{"line":255,"column":21},"end":{"line":255,"column":22}},"loc":{"start":{"line":255,"column":32},"end":{"line":261,"column":7}},"line":255},"12":{"name":"(anonymous_12)","decl":{"start":{"line":262,"column":28},"end":{"line":262,"column":29}},"loc":{"start":{"line":262,"column":39},"end":{"line":264,"column":7}},"line":262},"13":{"name":"(anonymous_13)","decl":{"start":{"line":287,"column":2},"end":{"line":287,"column":3}},"loc":{"start":{"line":287,"column":54},"end":{"line":298,"column":3}},"line":287}},"branchMap":{"0":{"loc":{"start":{"line":11,"column":6},"end":{"line":11,"column":62}},"type":"if","locations":[{"start":{"line":11,"column":6},"end":{"line":11,"column":62}},{"start":{},"end":{}}],"line":11},"1":{"loc":{"start":{"line":11,"column":10},"end":{"line":11,"column":29}},"type":"binary-expr","locations":[{"start":{"line":11,"column":10},"end":{"line":11,"column":16}},{"start":{"line":11,"column":20},"end":{"line":11,"column":29}}],"line":11},"2":{"loc":{"start":{"line":14,"column":6},"end":{"line":14,"column":57}},"type":"if","locations":[{"start":{"line":14,"column":6},"end":{"line":14,"column":57}},{"start":{},"end":{}}],"line":14},"3":{"loc":{"start":{"line":17,"column":6},"end":{"line":17,"column":68}},"type":"if","locations":[{"start":{"line":17,"column":6},"end":{"line":17,"column":68}},{"start":{},"end":{}}],"line":17},"4":{"loc":{"start":{"line":56,"column":8},"end":{"line":56,"column":70}},"type":"cond-expr","locations":[{"start":{"line":56,"column":51},"end":{"line":56,"column":66}},{"start":{"line":56,"column":69},"end":{"line":56,"column":70}}],"line":56},"5":{"loc":{"start":{"line":56,"column":8},"end":{"line":56,"column":48}},"type":"binary-expr","locations":[{"start":{"line":56,"column":8},"end":{"line":56,"column":22}},{"start":{"line":56,"column":26},"end":{"line":56,"column":48}}],"line":56},"6":{"loc":{"start":{"line":58,"column":8},"end":{"line":58,"column":70}},"type":"cond-expr","locations":[{"start":{"line":58,"column":51},"end":{"line":58,"column":66}},{"start":{"line":58,"column":69},"end":{"line":58,"column":70}}],"line":58},"7":{"loc":{"start":{"line":58,"column":8},"end":{"line":58,"column":48}},"type":"binary-expr","locations":[{"start":{"line":58,"column":8},"end":{"line":58,"column":22}},{"start":{"line":58,"column":26},"end":{"line":58,"column":48}}],"line":58},"8":{"loc":{"start":{"line":84,"column":6},"end":{"line":89,"column":10}},"type":"if","locations":[{"start":{"line":84,"column":6},"end":{"line":89,"column":10}},{"start":{},"end":{}}],"line":84},"9":{"loc":{"start":{"line":90,"column":6},"end":{"line":96,"column":7}},"type":"if","locations":[{"start":{"line":90,"column":6},"end":{"line":96,"column":7}},{"start":{},"end":{}}],"line":90},"10":{"loc":{"start":{"line":91,"column":8},"end":{"line":92,"column":38}},"type":"binary-expr","locations":[{"start":{"line":91,"column":8},"end":{"line":91,"column":45}},{"start":{"line":92,"column":8},"end":{"line":92,"column":38}}],"line":91},"11":{"loc":{"start":{"line":97,"column":6},"end":{"line":107,"column":7}},"type":"if","locations":[{"start":{"line":97,"column":6},"end":{"line":107,"column":7}},{"start":{},"end":{}}],"line":97},"12":{"loc":{"start":{"line":101,"column":8},"end":{"line":106,"column":9}},"type":"if","locations":[{"start":{"line":101,"column":8},"end":{"line":106,"column":9}},{"start":{},"end":{}}],"line":101},"13":{"loc":{"start":{"line":108,"column":6},"end":{"line":118,"column":7}},"type":"if","locations":[{"start":{"line":108,"column":6},"end":{"line":118,"column":7}},{"start":{},"end":{}}],"line":108},"14":{"loc":{"start":{"line":112,"column":8},"end":{"line":117,"column":9}},"type":"if","locations":[{"start":{"line":112,"column":8},"end":{"line":117,"column":9}},{"start":{},"end":{}}],"line":112},"15":{"loc":{"start":{"line":119,"column":6},"end":{"line":129,"column":7}},"type":"if","locations":[{"start":{"line":119,"column":6},"end":{"line":129,"column":7}},{"start":{},"end":{}}],"line":119},"16":{"loc":{"start":{"line":123,"column":8},"end":{"line":128,"column":9}},"type":"if","locations":[{"start":{"line":123,"column":8},"end":{"line":128,"column":9}},{"start":{},"end":{}}],"line":123},"17":{"loc":{"start":{"line":163,"column":8},"end":{"line":167,"column":9}},"type":"if","locations":[{"start":{"line":163,"column":8},"end":{"line":167,"column":9}},{"start":{"line":165,"column":15},"end":{"line":167,"column":9}}],"line":163},"18":{"loc":{"start":{"line":165,"column":15},"end":{"line":167,"column":9}},"type":"if","locations":[{"start":{"line":165,"column":15},"end":{"line":167,"column":9}},{"start":{},"end":{}}],"line":165},"19":{"loc":{"start":{"line":193,"column":6},"end":{"line":196,"column":10}},"type":"if","locations":[{"start":{"line":193,"column":6},"end":{"line":196,"column":10}},{"start":{},"end":{}}],"line":193},"20":{"loc":{"start":{"line":236,"column":6},"end":{"line":236,"column":51}},"type":"if","locations":[{"start":{"line":236,"column":6},"end":{"line":236,"column":51}},{"start":{},"end":{}}],"line":236},"21":{"loc":{"start":{"line":256,"column":8},"end":{"line":260,"column":9}},"type":"if","locations":[{"start":{"line":256,"column":8},"end":{"line":260,"column":9}},{"start":{"line":258,"column":15},"end":{"line":260,"column":9}}],"line":256},"22":{"loc":{"start":{"line":258,"column":15},"end":{"line":260,"column":9}},"type":"if","locations":[{"start":{"line":258,"column":15},"end":{"line":260,"column":9}},{"start":{},"end":{}}],"line":258},"23":{"loc":{"start":{"line":292,"column":6},"end":{"line":292,"column":44}},"type":"if","locations":[{"start":{"line":292,"column":6},"end":{"line":292,"column":44}},{"start":{},"end":{}}],"line":292}},"s":{"0":2,"1":2,"2":2,"3":2,"4":4,"5":4,"6":4,"7":4,"8":1,"9":3,"10":3,"11":1,"12":2,"13":2,"14":1,"15":1,"16":1,"17":3,"18":3,"19":2,"20":2,"21":2,"22":2,"23":1,"24":1,"25":8,"26":8,"27":8,"28":8,"29":8,"30":1,"31":8,"32":1,"33":1,"34":8,"35":1,"36":1,"37":1,"38":1,"39":8,"40":1,"41":1,"42":1,"43":1,"44":8,"45":1,"46":1,"47":1,"48":1,"49":8,"50":8,"51":7,"52":1,"53":1,"54":2,"55":2,"56":2,"57":2,"58":2,"59":2,"60":2,"61":2,"62":20,"63":6,"64":14,"65":14,"66":2,"67":2,"68":2,"69":2,"70":1,"71":1,"72":1,"73":2,"74":2,"75":2,"76":2,"77":2,"78":1,"79":1,"80":1,"81":1,"82":1,"83":2,"84":2,"85":2,"86":1,"87":1,"88":1,"89":1,"90":1,"91":1,"92":1,"93":1,"94":1,"95":10,"96":3,"97":7,"98":7,"99":1,"100":1,"101":1,"102":1,"103":1,"104":1,"105":1,"106":2,"107":2,"108":2,"109":1,"110":1,"111":1,"112":1,"113":2},"f":{"0":4,"1":2,"2":8,"3":1,"4":1,"5":1,"6":2,"7":20,"8":2,"9":2,"10":2,"11":10,"12":1,"13":2},"b":{"0":[1,3],"1":[4,3],"2":[1,2],"3":[1,1],"4":[1,7],"5":[8,1],"6":[1,7],"7":[8,1],"8":[1,7],"9":[1,7],"10":[8,1],"11":[1,7],"12":[1,0],"13":[1,7],"14":[1,0],"15":[1,7],"16":[1,0],"17":[6,14],"18":[14,0],"19":[1,1],"20":[1,1],"21":[3,7],"22":[7,0],"23":[1,1]},"_coverageSchema":"1a1c01bbd47fc00a2c39e90264f33305004495a9","hash":"c64f237ff9c19f075c974d384c3b5223ad5abfbb"}
,"C:\\Hacktiv8\\Phase 3\\FINAL_PROJECT\\ScholarSeek-Server\\controllers\\clientController.js": {"path":"C:\\Hacktiv8\\Phase 3\\FINAL_PROJECT\\ScholarSeek-Server\\controllers\\clientController.js","statementMap":{"0":{"start":{"line":9,"column":4},"end":{"line":9,"column":24}},"1":{"start":{"line":10,"column":28},"end":{"line":10,"column":56}},"2":{"start":{"line":11,"column":22},"end":{"line":11,"column":47}},"3":{"start":{"line":12,"column":19},"end":{"line":12,"column":49}},"4":{"start":{"line":13,"column":18},"end":{"line":13,"column":43}},"5":{"start":{"line":14,"column":15},"end":{"line":14,"column":35}},"6":{"start":{"line":15,"column":25},"end":{"line":15,"column":62}},"7":{"start":{"line":19,"column":4},"end":{"line":41,"column":5}},"8":{"start":{"line":21,"column":34},"end":{"line":21,"column":42}},"9":{"start":{"line":22,"column":6},"end":{"line":22,"column":62}},"10":{"start":{"line":22,"column":31},"end":{"line":22,"column":62}},"11":{"start":{"line":24,"column":19},"end":{"line":24,"column":59}},"12":{"start":{"line":25,"column":6},"end":{"line":25,"column":57}},"13":{"start":{"line":25,"column":17},"end":{"line":25,"column":57}},"14":{"start":{"line":27,"column":30},"end":{"line":27,"column":70}},"15":{"start":{"line":28,"column":6},"end":{"line":28,"column":68}},"16":{"start":{"line":28,"column":28},"end":{"line":28,"column":68}},"17":{"start":{"line":30,"column":27},"end":{"line":30,"column":53}},"18":{"start":{"line":31,"column":6},"end":{"line":37,"column":9}},"19":{"start":{"line":39,"column":6},"end":{"line":39,"column":23}},"20":{"start":{"line":40,"column":6},"end":{"line":40,"column":16}},"21":{"start":{"line":45,"column":14},"end":{"line":45,"column":43}},"22":{"start":{"line":47,"column":4},"end":{"line":137,"column":5}},"23":{"start":{"line":60,"column":10},"end":{"line":60,"column":18}},"24":{"start":{"line":61,"column":23},"end":{"line":61,"column":25}},"25":{"start":{"line":63,"column":6},"end":{"line":65,"column":7}},"26":{"start":{"line":64,"column":8},"end":{"line":64,"column":45}},"27":{"start":{"line":66,"column":6},"end":{"line":68,"column":7}},"28":{"start":{"line":67,"column":8},"end":{"line":67,"column":46}},"29":{"start":{"line":70,"column":6},"end":{"line":86,"column":7}},"30":{"start":{"line":71,"column":23},"end":{"line":76,"column":9}},"31":{"start":{"line":78,"column":8},"end":{"line":78,"column":32}},"32":{"start":{"line":81,"column":8},"end":{"line":81,"column":25}},"33":{"start":{"line":82,"column":8},"end":{"line":85,"column":11}},"34":{"start":{"line":92,"column":19},"end":{"line":104,"column":7}},"35":{"start":{"line":107,"column":6},"end":{"line":126,"column":7}},"36":{"start":{"line":108,"column":8},"end":{"line":111,"column":10}},"37":{"start":{"line":113,"column":29},"end":{"line":113,"column":31}},"38":{"start":{"line":115,"column":8},"end":{"line":123,"column":9}},"39":{"start":{"line":115,"column":21},"end":{"line":115,"column":22}},"40":{"start":{"line":116,"column":10},"end":{"line":122,"column":13}},"41":{"start":{"line":125,"column":8},"end":{"line":125,"column":72}},"42":{"start":{"line":128,"column":6},"end":{"line":128,"column":17}},"43":{"start":{"line":129,"column":6},"end":{"line":132,"column":9}},"44":{"start":{"line":134,"column":6},"end":{"line":134,"column":23}},"45":{"start":{"line":135,"column":6},"end":{"line":135,"column":19}},"46":{"start":{"line":136,"column":6},"end":{"line":136,"column":16}},"47":{"start":{"line":141,"column":14},"end":{"line":141,"column":43}},"48":{"start":{"line":142,"column":4},"end":{"line":208,"column":5}},"49":{"start":{"line":153,"column":10},"end":{"line":153,"column":18}},"50":{"start":{"line":156,"column":23},"end":{"line":156,"column":25}},"51":{"start":{"line":158,"column":6},"end":{"line":160,"column":7}},"52":{"start":{"line":159,"column":8},"end":{"line":159,"column":45}},"53":{"start":{"line":161,"column":6},"end":{"line":163,"column":7}},"54":{"start":{"line":162,"column":8},"end":{"line":162,"column":46}},"55":{"start":{"line":164,"column":6},"end":{"line":177,"column":7}},"56":{"start":{"line":165,"column":23},"end":{"line":167,"column":10}},"57":{"start":{"line":169,"column":8},"end":{"line":169,"column":32}},"58":{"start":{"line":172,"column":8},"end":{"line":172,"column":25}},"59":{"start":{"line":173,"column":8},"end":{"line":176,"column":11}},"60":{"start":{"line":183,"column":19},"end":{"line":195,"column":7}},"61":{"start":{"line":197,"column":6},"end":{"line":200,"column":8}},"62":{"start":{"line":202,"column":6},"end":{"line":202,"column":17}},"63":{"start":{"line":203,"column":6},"end":{"line":203,"column":66}},"64":{"start":{"line":205,"column":6},"end":{"line":205,"column":23}},"65":{"start":{"line":206,"column":6},"end":{"line":206,"column":19}},"66":{"start":{"line":207,"column":6},"end":{"line":207,"column":16}},"67":{"start":{"line":212,"column":4},"end":{"line":232,"column":5}},"68":{"start":{"line":213,"column":19},"end":{"line":226,"column":8}},"69":{"start":{"line":227,"column":6},"end":{"line":227,"column":44}},"70":{"start":{"line":227,"column":17},"end":{"line":227,"column":44}},"71":{"start":{"line":228,"column":6},"end":{"line":228,"column":33}},"72":{"start":{"line":230,"column":6},"end":{"line":230,"column":23}},"73":{"start":{"line":231,"column":6},"end":{"line":231,"column":16}},"74":{"start":{"line":236,"column":4},"end":{"line":323,"column":5}},"75":{"start":{"line":238,"column":8},"end":{"line":238,"column":70}},"76":{"start":{"line":240,"column":8},"end":{"line":240,"column":70}},"77":{"start":{"line":242,"column":21},"end":{"line":264,"column":7}},"78":{"start":{"line":266,"column":6},"end":{"line":271,"column":10}},"79":{"start":{"line":267,"column":8},"end":{"line":271,"column":10}},"80":{"start":{"line":272,"column":6},"end":{"line":278,"column":7}},"81":{"start":{"line":276,"column":30},"end":{"line":276,"column":64}},"82":{"start":{"line":277,"column":8},"end":{"line":277,"column":51}},"83":{"start":{"line":279,"column":6},"end":{"line":289,"column":7}},"84":{"start":{"line":280,"column":29},"end":{"line":282,"column":51}},"85":{"start":{"line":282,"column":30},"end":{"line":282,"column":50}},"86":{"start":{"line":283,"column":8},"end":{"line":288,"column":9}},"87":{"start":{"line":284,"column":10},"end":{"line":287,"column":12}},"88":{"start":{"line":290,"column":6},"end":{"line":300,"column":7}},"89":{"start":{"line":291,"column":32},"end":{"line":293,"column":59}},"90":{"start":{"line":293,"column":34},"end":{"line":293,"column":58}},"91":{"start":{"line":294,"column":8},"end":{"line":299,"column":9}},"92":{"start":{"line":295,"column":10},"end":{"line":298,"column":12}},"93":{"start":{"line":301,"column":6},"end":{"line":311,"column":7}},"94":{"start":{"line":302,"column":31},"end":{"line":304,"column":53}},"95":{"start":{"line":304,"column":31},"end":{"line":304,"column":52}},"96":{"start":{"line":305,"column":8},"end":{"line":310,"column":9}},"97":{"start":{"line":306,"column":10},"end":{"line":309,"column":12}},"98":{"start":{"line":314,"column":30},"end":{"line":314,"column":71}},"99":{"start":{"line":319,"column":6},"end":{"line":319,"column":77}},"100":{"start":{"line":321,"column":6},"end":{"line":321,"column":23}},"101":{"start":{"line":322,"column":6},"end":{"line":322,"column":16}},"102":{"start":{"line":327,"column":4},"end":{"line":369,"column":5}},"103":{"start":{"line":329,"column":19},"end":{"line":331,"column":8}},"104":{"start":{"line":333,"column":6},"end":{"line":336,"column":10}},"105":{"start":{"line":334,"column":8},"end":{"line":336,"column":10}},"106":{"start":{"line":338,"column":21},"end":{"line":364,"column":7}},"107":{"start":{"line":365,"column":6},"end":{"line":365,"column":35}},"108":{"start":{"line":367,"column":6},"end":{"line":367,"column":23}},"109":{"start":{"line":368,"column":6},"end":{"line":368,"column":16}},"110":{"start":{"line":373,"column":23},"end":{"line":373,"column":32}},"111":{"start":{"line":378,"column":19},"end":{"line":414,"column":5}},"112":{"start":{"line":416,"column":4},"end":{"line":418,"column":5}},"113":{"start":{"line":417,"column":6},"end":{"line":417,"column":57}},"114":{"start":{"line":437,"column":4},"end":{"line":443,"column":5}},"115":{"start":{"line":438,"column":22},"end":{"line":438,"column":50}},"116":{"start":{"line":439,"column":6},"end":{"line":439,"column":63}},"117":{"start":{"line":441,"column":6},"end":{"line":441,"column":23}},"118":{"start":{"line":442,"column":6},"end":{"line":442,"column":16}},"119":{"start":{"line":447,"column":4},"end":{"line":496,"column":5}},"120":{"start":{"line":448,"column":6},"end":{"line":448,"column":43}},"121":{"start":{"line":449,"column":21},"end":{"line":490,"column":8}},"122":{"start":{"line":491,"column":6},"end":{"line":491,"column":45}},"123":{"start":{"line":492,"column":6},"end":{"line":492,"column":35}},"124":{"start":{"line":494,"column":6},"end":{"line":494,"column":23}},"125":{"start":{"line":495,"column":6},"end":{"line":495,"column":16}},"126":{"start":{"line":500,"column":4},"end":{"line":505,"column":5}},"127":{"start":{"line":501,"column":6},"end":{"line":501,"column":64}},"128":{"start":{"line":502,"column":6},"end":{"line":502,"column":73}},"129":{"start":{"line":504,"column":6},"end":{"line":504,"column":16}},"130":{"start":{"line":509,"column":4},"end":{"line":520,"column":5}},"131":{"start":{"line":510,"column":28},"end":{"line":510,"column":38}},"132":{"start":{"line":511,"column":6},"end":{"line":515,"column":9}},"133":{"start":{"line":516,"column":6},"end":{"line":516,"column":74}},"134":{"start":{"line":518,"column":6},"end":{"line":518,"column":23}},"135":{"start":{"line":519,"column":6},"end":{"line":519,"column":16}},"136":{"start":{"line":524,"column":4},"end":{"line":535,"column":5}},"137":{"start":{"line":526,"column":28},"end":{"line":526,"column":38}},"138":{"start":{"line":528,"column":6},"end":{"line":528,"column":80}},"139":{"start":{"line":529,"column":6},"end":{"line":531,"column":68}},"140":{"start":{"line":533,"column":6},"end":{"line":533,"column":22}},"141":{"start":{"line":534,"column":6},"end":{"line":534,"column":16}},"142":{"start":{"line":539,"column":4},"end":{"line":547,"column":5}},"143":{"start":{"line":540,"column":30},"end":{"line":543,"column":8}},"144":{"start":{"line":544,"column":6},"end":{"line":544,"column":44}},"145":{"start":{"line":546,"column":6},"end":{"line":546,"column":16}},"146":{"start":{"line":553,"column":0},"end":{"line":553,"column":34}}},"fnMap":{"0":{"name":"(anonymous_0)","decl":{"start":{"line":18,"column":2},"end":{"line":18,"column":3}},"loc":{"start":{"line":18,"column":41},"end":{"line":42,"column":3}},"line":18},"1":{"name":"(anonymous_1)","decl":{"start":{"line":44,"column":2},"end":{"line":44,"column":3}},"loc":{"start":{"line":44,"column":51},"end":{"line":138,"column":3}},"line":44},"2":{"name":"(anonymous_2)","decl":{"start":{"line":140,"column":2},"end":{"line":140,"column":3}},"loc":{"start":{"line":140,"column":50},"end":{"line":209,"column":3}},"line":140},"3":{"name":"(anonymous_3)","decl":{"start":{"line":211,"column":2},"end":{"line":211,"column":3}},"loc":{"start":{"line":211,"column":46},"end":{"line":233,"column":3}},"line":211},"4":{"name":"(anonymous_4)","decl":{"start":{"line":235,"column":2},"end":{"line":235,"column":3}},"loc":{"start":{"line":235,"column":50},"end":{"line":324,"column":3}},"line":235},"5":{"name":"(anonymous_5)","decl":{"start":{"line":282,"column":18},"end":{"line":282,"column":19}},"loc":{"start":{"line":282,"column":30},"end":{"line":282,"column":50}},"line":282},"6":{"name":"(anonymous_6)","decl":{"start":{"line":293,"column":18},"end":{"line":293,"column":19}},"loc":{"start":{"line":293,"column":34},"end":{"line":293,"column":58}},"line":293},"7":{"name":"(anonymous_7)","decl":{"start":{"line":304,"column":18},"end":{"line":304,"column":19}},"loc":{"start":{"line":304,"column":31},"end":{"line":304,"column":52}},"line":304},"8":{"name":"(anonymous_8)","decl":{"start":{"line":326,"column":2},"end":{"line":326,"column":3}},"loc":{"start":{"line":326,"column":51},"end":{"line":370,"column":3}},"line":326},"9":{"name":"(anonymous_9)","decl":{"start":{"line":372,"column":2},"end":{"line":372,"column":3}},"loc":{"start":{"line":372,"column":45},"end":{"line":444,"column":3}},"line":372},"10":{"name":"(anonymous_10)","decl":{"start":{"line":446,"column":2},"end":{"line":446,"column":3}},"loc":{"start":{"line":446,"column":46},"end":{"line":497,"column":3}},"line":446},"11":{"name":"(anonymous_11)","decl":{"start":{"line":499,"column":2},"end":{"line":499,"column":3}},"loc":{"start":{"line":499,"column":43},"end":{"line":506,"column":3}},"line":499},"12":{"name":"(anonymous_12)","decl":{"start":{"line":508,"column":2},"end":{"line":508,"column":3}},"loc":{"start":{"line":508,"column":44},"end":{"line":521,"column":3}},"line":508},"13":{"name":"(anonymous_13)","decl":{"start":{"line":523,"column":2},"end":{"line":523,"column":3}},"loc":{"start":{"line":523,"column":51},"end":{"line":536,"column":3}},"line":523},"14":{"name":"(anonymous_14)","decl":{"start":{"line":538,"column":2},"end":{"line":538,"column":3}},"loc":{"start":{"line":538,"column":53},"end":{"line":548,"column":3}},"line":538}},"branchMap":{"0":{"loc":{"start":{"line":22,"column":6},"end":{"line":22,"column":62}},"type":"if","locations":[{"start":{"line":22,"column":6},"end":{"line":22,"column":62}},{"start":{},"end":{}}],"line":22},"1":{"loc":{"start":{"line":22,"column":10},"end":{"line":22,"column":29}},"type":"binary-expr","locations":[{"start":{"line":22,"column":10},"end":{"line":22,"column":16}},{"start":{"line":22,"column":20},"end":{"line":22,"column":29}}],"line":22},"2":{"loc":{"start":{"line":25,"column":6},"end":{"line":25,"column":57}},"type":"if","locations":[{"start":{"line":25,"column":6},"end":{"line":25,"column":57}},{"start":{},"end":{}}],"line":25},"3":{"loc":{"start":{"line":28,"column":6},"end":{"line":28,"column":68}},"type":"if","locations":[{"start":{"line":28,"column":6},"end":{"line":28,"column":68}},{"start":{},"end":{}}],"line":28},"4":{"loc":{"start":{"line":63,"column":6},"end":{"line":65,"column":7}},"type":"if","locations":[{"start":{"line":63,"column":6},"end":{"line":65,"column":7}},{"start":{},"end":{}}],"line":63},"5":{"loc":{"start":{"line":66,"column":6},"end":{"line":68,"column":7}},"type":"if","locations":[{"start":{"line":66,"column":6},"end":{"line":68,"column":7}},{"start":{},"end":{}}],"line":66},"6":{"loc":{"start":{"line":66,"column":10},"end":{"line":66,"column":52}},"type":"binary-expr","locations":[{"start":{"line":66,"column":10},"end":{"line":66,"column":17}},{"start":{"line":66,"column":21},"end":{"line":66,"column":27}},{"start":{"line":66,"column":31},"end":{"line":66,"column":43}},{"start":{"line":66,"column":47},"end":{"line":66,"column":52}}],"line":66},"7":{"loc":{"start":{"line":107,"column":6},"end":{"line":126,"column":7}},"type":"if","locations":[{"start":{"line":107,"column":6},"end":{"line":126,"column":7}},{"start":{"line":112,"column":13},"end":{"line":126,"column":7}}],"line":107},"8":{"loc":{"start":{"line":158,"column":6},"end":{"line":160,"column":7}},"type":"if","locations":[{"start":{"line":158,"column":6},"end":{"line":160,"column":7}},{"start":{},"end":{}}],"line":158},"9":{"loc":{"start":{"line":161,"column":6},"end":{"line":163,"column":7}},"type":"if","locations":[{"start":{"line":161,"column":6},"end":{"line":163,"column":7}},{"start":{},"end":{}}],"line":161},"10":{"loc":{"start":{"line":161,"column":10},"end":{"line":161,"column":36}},"type":"binary-expr","locations":[{"start":{"line":161,"column":10},"end":{"line":161,"column":17}},{"start":{"line":161,"column":21},"end":{"line":161,"column":27}},{"start":{"line":161,"column":31},"end":{"line":161,"column":36}}],"line":161},"11":{"loc":{"start":{"line":227,"column":6},"end":{"line":227,"column":44}},"type":"if","locations":[{"start":{"line":227,"column":6},"end":{"line":227,"column":44}},{"start":{},"end":{}}],"line":227},"12":{"loc":{"start":{"line":238,"column":8},"end":{"line":238,"column":70}},"type":"cond-expr","locations":[{"start":{"line":238,"column":51},"end":{"line":238,"column":66}},{"start":{"line":238,"column":69},"end":{"line":238,"column":70}}],"line":238},"13":{"loc":{"start":{"line":238,"column":8},"end":{"line":238,"column":48}},"type":"binary-expr","locations":[{"start":{"line":238,"column":8},"end":{"line":238,"column":22}},{"start":{"line":238,"column":26},"end":{"line":238,"column":48}}],"line":238},"14":{"loc":{"start":{"line":240,"column":8},"end":{"line":240,"column":70}},"type":"cond-expr","locations":[{"start":{"line":240,"column":51},"end":{"line":240,"column":66}},{"start":{"line":240,"column":69},"end":{"line":240,"column":70}}],"line":240},"15":{"loc":{"start":{"line":240,"column":8},"end":{"line":240,"column":48}},"type":"binary-expr","locations":[{"start":{"line":240,"column":8},"end":{"line":240,"column":22}},{"start":{"line":240,"column":26},"end":{"line":240,"column":48}}],"line":240},"16":{"loc":{"start":{"line":266,"column":6},"end":{"line":271,"column":10}},"type":"if","locations":[{"start":{"line":266,"column":6},"end":{"line":271,"column":10}},{"start":{},"end":{}}],"line":266},"17":{"loc":{"start":{"line":272,"column":6},"end":{"line":278,"column":7}},"type":"if","locations":[{"start":{"line":272,"column":6},"end":{"line":278,"column":7}},{"start":{},"end":{}}],"line":272},"18":{"loc":{"start":{"line":273,"column":8},"end":{"line":274,"column":38}},"type":"binary-expr","locations":[{"start":{"line":273,"column":8},"end":{"line":273,"column":45}},{"start":{"line":274,"column":8},"end":{"line":274,"column":38}}],"line":273},"19":{"loc":{"start":{"line":279,"column":6},"end":{"line":289,"column":7}},"type":"if","locations":[{"start":{"line":279,"column":6},"end":{"line":289,"column":7}},{"start":{},"end":{}}],"line":279},"20":{"loc":{"start":{"line":283,"column":8},"end":{"line":288,"column":9}},"type":"if","locations":[{"start":{"line":283,"column":8},"end":{"line":288,"column":9}},{"start":{},"end":{}}],"line":283},"21":{"loc":{"start":{"line":290,"column":6},"end":{"line":300,"column":7}},"type":"if","locations":[{"start":{"line":290,"column":6},"end":{"line":300,"column":7}},{"start":{},"end":{}}],"line":290},"22":{"loc":{"start":{"line":294,"column":8},"end":{"line":299,"column":9}},"type":"if","locations":[{"start":{"line":294,"column":8},"end":{"line":299,"column":9}},{"start":{},"end":{}}],"line":294},"23":{"loc":{"start":{"line":301,"column":6},"end":{"line":311,"column":7}},"type":"if","locations":[{"start":{"line":301,"column":6},"end":{"line":311,"column":7}},{"start":{},"end":{}}],"line":301},"24":{"loc":{"start":{"line":305,"column":8},"end":{"line":310,"column":9}},"type":"if","locations":[{"start":{"line":305,"column":8},"end":{"line":310,"column":9}},{"start":{},"end":{}}],"line":305},"25":{"loc":{"start":{"line":333,"column":6},"end":{"line":336,"column":10}},"type":"if","locations":[{"start":{"line":333,"column":6},"end":{"line":336,"column":10}},{"start":{},"end":{}}],"line":333},"26":{"loc":{"start":{"line":416,"column":4},"end":{"line":418,"column":5}},"type":"if","locations":[{"start":{"line":416,"column":4},"end":{"line":418,"column":5}},{"start":{},"end":{}}],"line":416},"27":{"loc":{"start":{"line":416,"column":8},"end":{"line":416,"column":54}},"type":"binary-expr","locations":[{"start":{"line":416,"column":8},"end":{"line":416,"column":21}},{"start":{"line":416,"column":25},"end":{"line":416,"column":54}}],"line":416}},"s":{"0":2,"1":2,"2":2,"3":2,"4":2,"5":2,"6":2,"7":4,"8":4,"9":4,"10":1,"11":3,"12":3,"13":1,"14":2,"15":2,"16":1,"17":1,"18":1,"19":3,"20":3,"21":8,"22":8,"23":8,"24":8,"25":8,"26":1,"27":7,"28":4,"29":3,"30":3,"31":2,"32":1,"33":1,"34":2,"35":2,"36":1,"37":1,"38":1,"39":1,"40":2,"41":1,"42":2,"43":2,"44":5,"45":5,"46":5,"47":6,"48":6,"49":6,"50":6,"51":6,"52":1,"53":5,"54":3,"55":2,"56":2,"57":1,"58":1,"59":1,"60":1,"61":1,"62":1,"63":1,"64":4,"65":4,"66":4,"67":2,"68":2,"69":2,"70":1,"71":1,"72":1,"73":1,"74":8,"75":8,"76":8,"77":8,"78":8,"79":1,"80":8,"81":1,"82":1,"83":8,"84":1,"85":1,"86":1,"87":1,"88":8,"89":1,"90":1,"91":1,"92":1,"93":8,"94":1,"95":1,"96":1,"97":1,"98":8,"99":7,"100":1,"101":1,"102":2,"103":2,"104":2,"105":1,"106":1,"107":1,"108":1,"109":1,"110":3,"111":3,"112":3,"113":1,"114":3,"115":3,"116":2,"117":1,"118":1,"119":2,"120":2,"121":2,"122":1,"123":1,"124":1,"125":1,"126":3,"127":3,"128":1,"129":2,"130":3,"131":3,"132":3,"133":1,"134":2,"135":2,"136":2,"137":2,"138":2,"139":1,"140":1,"141":1,"142":2,"143":2,"144":1,"145":1,"146":2},"f":{"0":4,"1":8,"2":6,"3":2,"4":8,"5":1,"6":1,"7":1,"8":2,"9":3,"10":2,"11":3,"12":3,"13":2,"14":2},"b":{"0":[1,3],"1":[4,3],"2":[1,2],"3":[1,1],"4":[1,7],"5":[4,3],"6":[7,6,5,4],"7":[1,1],"8":[1,5],"9":[3,2],"10":[5,4,3],"11":[1,1],"12":[1,7],"13":[8,1],"14":[1,7],"15":[8,1],"16":[1,7],"17":[1,7],"18":[8,1],"19":[1,7],"20":[1,0],"21":[1,7],"22":[1,0],"23":[1,7],"24":[1,0],"25":[1,1],"26":[1,2],"27":[3,3]},"_coverageSchema":"1a1c01bbd47fc00a2c39e90264f33305004495a9","hash":"e3f243bdad1ba6d13279aded2fcfd57502bbd89a"}
,"C:\\Hacktiv8\\Phase 3\\FINAL_PROJECT\\ScholarSeek-Server\\helpers\\bcrypt.js": {"path":"C:\\Hacktiv8\\Phase 3\\FINAL_PROJECT\\ScholarSeek-Server\\helpers\\bcrypt.js","statementMap":{"0":{"start":{"line":1,"column":15},"end":{"line":1,"column":34}},"1":{"start":{"line":4,"column":16},"end":{"line":4,"column":41}},"2":{"start":{"line":5,"column":3},"end":{"line":5,"column":14}},"3":{"start":{"line":9,"column":20},"end":{"line":9,"column":62}},"4":{"start":{"line":10,"column":4},"end":{"line":10,"column":18}},"5":{"start":{"line":13,"column":0},"end":{"line":16,"column":1}}},"fnMap":{"0":{"name":"hashPassword","decl":{"start":{"line":3,"column":9},"end":{"line":3,"column":21}},"loc":{"start":{"line":3,"column":32},"end":{"line":6,"column":1}},"line":3},"1":{"name":"comparePassword","decl":{"start":{"line":8,"column":9},"end":{"line":8,"column":24}},"loc":{"start":{"line":8,"column":49},"end":{"line":11,"column":1}},"line":8}},"branchMap":{},"s":{"0":2,"1":5,"2":5,"3":4,"4":4,"5":2},"f":{"0":5,"1":4},"b":{},"_coverageSchema":"1a1c01bbd47fc00a2c39e90264f33305004495a9","hash":"bce3a3b931c711748a528bacb6f134a21367a7ff"}
,"C:\\Hacktiv8\\Phase 3\\FINAL_PROJECT\\ScholarSeek-Server\\helpers\\jwt.js": {"path":"C:\\Hacktiv8\\Phase 3\\FINAL_PROJECT\\ScholarSeek-Server\\helpers\\jwt.js","statementMap":{"0":{"start":{"line":1,"column":12},"end":{"line":1,"column":35}},"1":{"start":{"line":2,"column":15},"end":{"line":2,"column":37}},"2":{"start":{"line":5,"column":18},"end":{"line":5,"column":40}},"3":{"start":{"line":6,"column":4},"end":{"line":6,"column":17}},"4":{"start":{"line":10,"column":17},"end":{"line":10,"column":42}},"5":{"start":{"line":11,"column":4},"end":{"line":11,"column":15}},"6":{"start":{"line":14,"column":0},"end":{"line":17,"column":1}}},"fnMap":{"0":{"name":"signToken","decl":{"start":{"line":4,"column":9},"end":{"line":4,"column":18}},"loc":{"start":{"line":4,"column":25},"end":{"line":7,"column":1}},"line":4},"1":{"name":"verifyToken","decl":{"start":{"line":9,"column":9},"end":{"line":9,"column":20}},"loc":{"start":{"line":9,"column":28},"end":{"line":12,"column":1}},"line":9}},"branchMap":{},"s":{"0":2,"1":2,"2":3,"3":3,"4":38,"5":37,"6":2},"f":{"0":3,"1":38},"b":{},"_coverageSchema":"1a1c01bbd47fc00a2c39e90264f33305004495a9","hash":"2a2d056d15ff58a7f9b07a613047862607bf0eaf"}
,"C:\\Hacktiv8\\Phase 3\\FINAL_PROJECT\\ScholarSeek-Server\\middlewares\\authentication.js": {"path":"C:\\Hacktiv8\\Phase 3\\FINAL_PROJECT\\ScholarSeek-Server\\middlewares\\authentication.js","statementMap":{"0":{"start":{"line":1,"column":24},"end":{"line":1,"column":49}},"1":{"start":{"line":2,"column":15},"end":{"line":2,"column":35}},"2":{"start":{"line":4,"column":23},"end":{"line":19,"column":1}},"3":{"start":{"line":5,"column":4},"end":{"line":18,"column":5}},"4":{"start":{"line":6,"column":31},"end":{"line":6,"column":42}},"5":{"start":{"line":7,"column":8},"end":{"line":7,"column":55}},"6":{"start":{"line":7,"column":26},"end":{"line":7,"column":55}},"7":{"start":{"line":9,"column":23},"end":{"line":9,"column":48}},"8":{"start":{"line":10,"column":21},"end":{"line":10,"column":51}},"9":{"start":{"line":11,"column":8},"end":{"line":11,"column":47}},"10":{"start":{"line":11,"column":18},"end":{"line":11,"column":47}},"11":{"start":{"line":13,"column":8},"end":{"line":13,"column":23}},"12":{"start":{"line":15,"column":8},"end":{"line":15,"column":14}},"13":{"start":{"line":17,"column":8},"end":{"line":17,"column":17}},"14":{"start":{"line":21,"column":0},"end":{"line":21,"column":33}}},"fnMap":{"0":{"name":"(anonymous_0)","decl":{"start":{"line":4,"column":23},"end":{"line":4,"column":24}},"loc":{"start":{"line":4,"column":49},"end":{"line":19,"column":1}},"line":4}},"branchMap":{"0":{"loc":{"start":{"line":7,"column":8},"end":{"line":7,"column":55}},"type":"if","locations":[{"start":{"line":7,"column":8},"end":{"line":7,"column":55}},{"start":{},"end":{}}],"line":7},"1":{"loc":{"start":{"line":11,"column":8},"end":{"line":11,"column":47}},"type":"if","locations":[{"start":{"line":11,"column":8},"end":{"line":11,"column":47}},{"start":{},"end":{}}],"line":11}},"s":{"0":2,"1":2,"2":2,"3":39,"4":39,"5":39,"6":1,"7":38,"8":37,"9":36,"10":1,"11":35,"12":35,"13":4,"14":2},"f":{"0":39},"b":{"0":[1,38],"1":[1,35]},"_coverageSchema":"1a1c01bbd47fc00a2c39e90264f33305004495a9","hash":"6170a6716b7ceedf33796ca3fdba1b3bace6fd71"}
,"C:\\Hacktiv8\\Phase 3\\FINAL_PROJECT\\ScholarSeek-Server\\middlewares\\errorHandling.js": {"path":"C:\\Hacktiv8\\Phase 3\\FINAL_PROJECT\\ScholarSeek-Server\\middlewares\\errorHandling.js","statementMap":{"0":{"start":{"line":1,"column":19},"end":{"line":36,"column":1}},"1":{"start":{"line":2,"column":4},"end":{"line":35,"column":5}},"2":{"start":{"line":5,"column":12},"end":{"line":5,"column":68}},"3":{"start":{"line":6,"column":12},"end":{"line":6,"column":18}},"4":{"start":{"line":8,"column":12},"end":{"line":8,"column":80}},"5":{"start":{"line":9,"column":12},"end":{"line":9,"column":18}},"6":{"start":{"line":11,"column":12},"end":{"line":11,"column":75}},"7":{"start":{"line":12,"column":12},"end":{"line":12,"column":18}},"8":{"start":{"line":14,"column":12},"end":{"line":14,"column":66}},"9":{"start":{"line":15,"column":12},"end":{"line":15,"column":18}},"10":{"start":{"line":21,"column":12},"end":{"line":21,"column":63}},"11":{"start":{"line":22,"column":12},"end":{"line":22,"column":18}},"12":{"start":{"line":24,"column":12},"end":{"line":24,"column":82}},"13":{"start":{"line":25,"column":12},"end":{"line":25,"column":18}},"14":{"start":{"line":27,"column":12},"end":{"line":27,"column":80}},"15":{"start":{"line":28,"column":12},"end":{"line":28,"column":18}},"16":{"start":{"line":33,"column":12},"end":{"line":33,"column":33}},"17":{"start":{"line":34,"column":12},"end":{"line":34,"column":70}},"18":{"start":{"line":38,"column":0},"end":{"line":38,"column":31}}},"fnMap":{"0":{"name":"(anonymous_0)","decl":{"start":{"line":1,"column":19},"end":{"line":1,"column":20}},"loc":{"start":{"line":1,"column":44},"end":{"line":36,"column":1}},"line":1}},"branchMap":{"0":{"loc":{"start":{"line":2,"column":4},"end":{"line":35,"column":5}},"type":"switch","locations":[{"start":{"line":3,"column":8},"end":{"line":3,"column":40}},{"start":{"line":4,"column":8},"end":{"line":6,"column":18}},{"start":{"line":7,"column":8},"end":{"line":9,"column":18}},{"start":{"line":10,"column":8},"end":{"line":12,"column":18}},{"start":{"line":13,"column":8},"end":{"line":15,"column":18}},{"start":{"line":19,"column":8},"end":{"line":19,"column":33}},{"start":{"line":20,"column":8},"end":{"line":22,"column":18}},{"start":{"line":23,"column":8},"end":{"line":25,"column":18}},{"start":{"line":26,"column":8},"end":{"line":28,"column":18}},{"start":{"line":32,"column":8},"end":{"line":34,"column":70}}],"line":2}},"s":{"0":2,"1":36,"2":3,"3":3,"4":2,"5":2,"6":4,"7":4,"8":5,"9":5,"10":3,"11":3,"12":2,"13":2,"14":7,"15":7,"16":10,"17":10,"18":2},"f":{"0":36},"b":{"0":[2,3,2,4,5,1,3,2,7,10]},"_coverageSchema":"1a1c01bbd47fc00a2c39e90264f33305004495a9","hash":"59709f8175733832b17ac2873676a1cc84724c4a"}
,"C:\\Hacktiv8\\Phase 3\\FINAL_PROJECT\\ScholarSeek-Server\\middlewares\\multer.js": {"path":"C:\\Hacktiv8\\Phase 3\\FINAL_PROJECT\\ScholarSeek-Server\\middlewares\\multer.js","statementMap":{"0":{"start":{"line":1,"column":15},"end":{"line":1,"column":32}},"1":{"start":{"line":3,"column":16},"end":{"line":7,"column":2}},"2":{"start":{"line":5,"column":4},"end":{"line":5,"column":31}},"3":{"start":{"line":9,"column":15},"end":{"line":9,"column":41}},"4":{"start":{"line":11,"column":0},"end":{"line":11,"column":24}}},"fnMap":{"0":{"name":"(anonymous_0)","decl":{"start":{"line":4,"column":12},"end":{"line":4,"column":13}},"loc":{"start":{"line":4,"column":35},"end":{"line":6,"column":3}},"line":4}},"branchMap":{},"s":{"0":2,"1":2,"2":12,"3":2,"4":2},"f":{"0":12},"b":{},"_coverageSchema":"1a1c01bbd47fc00a2c39e90264f33305004495a9","hash":"56adb9f3003346d354759ae1ccf3f1e175c41bc5"}
,"C:\\Hacktiv8\\Phase 3\\FINAL_PROJECT\\ScholarSeek-Server\\models\\bookmarkscholarship.js": {"path":"C:\\Hacktiv8\\Phase 3\\FINAL_PROJECT\\ScholarSeek-Server\\models\\bookmarkscholarship.js","statementMap":{"0":{"start":{"line":4,"column":4},"end":{"line":4,"column":24}},"1":{"start":{"line":5,"column":0},"end":{"line":20,"column":2}},"2":{"start":{"line":8,"column":6},"end":{"line":8,"column":114}},"3":{"start":{"line":9,"column":6},"end":{"line":9,"column":128}},"4":{"start":{"line":12,"column":2},"end":{"line":18,"column":5}},"5":{"start":{"line":19,"column":2},"end":{"line":19,"column":29}}},"fnMap":{"0":{"name":"(anonymous_0)","decl":{"start":{"line":5,"column":17},"end":{"line":5,"column":18}},"loc":{"start":{"line":5,"column":43},"end":{"line":20,"column":1}},"line":5},"1":{"name":"(anonymous_1)","decl":{"start":{"line":7,"column":4},"end":{"line":7,"column":5}},"loc":{"start":{"line":7,"column":29},"end":{"line":10,"column":5}},"line":7}},"branchMap":{},"s":{"0":2,"1":2,"2":2,"3":2,"4":2,"5":2},"f":{"0":2,"1":2},"b":{},"_coverageSchema":"1a1c01bbd47fc00a2c39e90264f33305004495a9","hash":"48d9b0b54f6624b56e5003a6a622151177bdbe42"}
,"C:\\Hacktiv8\\Phase 3\\FINAL_PROJECT\\ScholarSeek-Server\\models\\bookmarkthread.js": {"path":"C:\\Hacktiv8\\Phase 3\\FINAL_PROJECT\\ScholarSeek-Server\\models\\bookmarkthread.js","statementMap":{"0":{"start":{"line":4,"column":4},"end":{"line":4,"column":24}},"1":{"start":{"line":5,"column":0},"end":{"line":20,"column":2}},"2":{"start":{"line":8,"column":6},"end":{"line":8,"column":113}},"3":{"start":{"line":9,"column":6},"end":{"line":9,"column":109}},"4":{"start":{"line":12,"column":2},"end":{"line":18,"column":5}},"5":{"start":{"line":19,"column":2},"end":{"line":19,"column":24}}},"fnMap":{"0":{"name":"(anonymous_0)","decl":{"start":{"line":5,"column":17},"end":{"line":5,"column":18}},"loc":{"start":{"line":5,"column":43},"end":{"line":20,"column":1}},"line":5},"1":{"name":"(anonymous_1)","decl":{"start":{"line":7,"column":4},"end":{"line":7,"column":5}},"loc":{"start":{"line":7,"column":29},"end":{"line":10,"column":5}},"line":7}},"branchMap":{},"s":{"0":2,"1":2,"2":2,"3":2,"4":2,"5":2},"f":{"0":2,"1":2},"b":{},"_coverageSchema":"1a1c01bbd47fc00a2c39e90264f33305004495a9","hash":"e24a23fb3c7f2056c2485f276368341e558a93f3"}
,"C:\\Hacktiv8\\Phase 3\\FINAL_PROJECT\\ScholarSeek-Server\\models\\comment.js": {"path":"C:\\Hacktiv8\\Phase 3\\FINAL_PROJECT\\ScholarSeek-Server\\models\\comment.js","statementMap":{"0":{"start":{"line":4,"column":4},"end":{"line":4,"column":24}},"1":{"start":{"line":5,"column":0},"end":{"line":40,"column":2}},"2":{"start":{"line":8,"column":6},"end":{"line":8,"column":102}},"3":{"start":{"line":9,"column":6},"end":{"line":9,"column":106}},"4":{"start":{"line":12,"column":2},"end":{"line":38,"column":5}},"5":{"start":{"line":32,"column":8},"end":{"line":32,"column":32}},"6":{"start":{"line":33,"column":8},"end":{"line":33,"column":28}},"7":{"start":{"line":39,"column":2},"end":{"line":39,"column":17}}},"fnMap":{"0":{"name":"(anonymous_0)","decl":{"start":{"line":5,"column":17},"end":{"line":5,"column":18}},"loc":{"start":{"line":5,"column":43},"end":{"line":40,"column":1}},"line":5},"1":{"name":"(anonymous_1)","decl":{"start":{"line":7,"column":4},"end":{"line":7,"column":5}},"loc":{"start":{"line":7,"column":29},"end":{"line":10,"column":5}},"line":7},"2":{"name":"(anonymous_2)","decl":{"start":{"line":31,"column":20},"end":{"line":31,"column":21}},"loc":{"start":{"line":31,"column":28},"end":{"line":34,"column":7}},"line":31}},"branchMap":{},"s":{"0":2,"1":2,"2":2,"3":2,"4":2,"5":1,"6":1,"7":2},"f":{"0":2,"1":2,"2":1},"b":{},"_coverageSchema":"1a1c01bbd47fc00a2c39e90264f33305004495a9","hash":"18241f4c47b9b89e7aaaebddfdc4fc78a56720c1"}
,"C:\\Hacktiv8\\Phase 3\\FINAL_PROJECT\\ScholarSeek-Server\\models\\index.js": {"path":"C:\\Hacktiv8\\Phase 3\\FINAL_PROJECT\\ScholarSeek-Server\\models\\index.js","statementMap":{"0":{"start":{"line":3,"column":11},"end":{"line":3,"column":24}},"1":{"start":{"line":4,"column":13},"end":{"line":4,"column":28}},"2":{"start":{"line":5,"column":18},"end":{"line":5,"column":38}},"3":{"start":{"line":6,"column":16},"end":{"line":6,"column":34}},"4":{"start":{"line":7,"column":17},"end":{"line":7,"column":42}},"5":{"start":{"line":8,"column":12},"end":{"line":8,"column":49}},"6":{"start":{"line":9,"column":15},"end":{"line":9,"column":65}},"7":{"start":{"line":10,"column":11},"end":{"line":10,"column":13}},"8":{"start":{"line":13,"column":0},"end":{"line":17,"column":1}},"9":{"start":{"line":14,"column":2},"end":{"line":14,"column":74}},"10":{"start":{"line":16,"column":2},"end":{"line":16,"column":87}},"11":{"start":{"line":19,"column":0},"end":{"line":32,"column":5}},"12":{"start":{"line":22,"column":4},"end":{"line":27,"column":6}},"13":{"start":{"line":30,"column":18},"end":{"line":30,"column":85}},"14":{"start":{"line":31,"column":4},"end":{"line":31,"column":27}},"15":{"start":{"line":34,"column":0},"end":{"line":38,"column":3}},"16":{"start":{"line":35,"column":2},"end":{"line":37,"column":3}},"17":{"start":{"line":36,"column":4},"end":{"line":36,"column":32}},"18":{"start":{"line":40,"column":0},"end":{"line":40,"column":25}},"19":{"start":{"line":41,"column":0},"end":{"line":41,"column":25}},"20":{"start":{"line":43,"column":0},"end":{"line":43,"column":20}}},"fnMap":{"0":{"name":"(anonymous_0)","decl":{"start":{"line":21,"column":10},"end":{"line":21,"column":11}},"loc":{"start":{"line":21,"column":18},"end":{"line":28,"column":3}},"line":21},"1":{"name":"(anonymous_1)","decl":{"start":{"line":29,"column":11},"end":{"line":29,"column":12}},"loc":{"start":{"line":29,"column":19},"end":{"line":32,"column":3}},"line":29},"2":{"name":"(anonymous_2)","decl":{"start":{"line":34,"column":24},"end":{"line":34,"column":25}},"loc":{"start":{"line":34,"column":37},"end":{"line":38,"column":1}},"line":34}},"branchMap":{"0":{"loc":{"start":{"line":8,"column":12},"end":{"line":8,"column":49}},"type":"binary-expr","locations":[{"start":{"line":8,"column":12},"end":{"line":8,"column":32}},{"start":{"line":8,"column":36},"end":{"line":8,"column":49}}],"line":8},"1":{"loc":{"start":{"line":13,"column":0},"end":{"line":17,"column":1}},"type":"if","locations":[{"start":{"line":13,"column":0},"end":{"line":17,"column":1}},{"start":{"line":15,"column":7},"end":{"line":17,"column":1}}],"line":13},"2":{"loc":{"start":{"line":23,"column":6},"end":{"line":26,"column":37}},"type":"binary-expr","locations":[{"start":{"line":23,"column":6},"end":{"line":23,"column":29}},{"start":{"line":24,"column":6},"end":{"line":24,"column":23}},{"start":{"line":25,"column":6},"end":{"line":25,"column":30}},{"start":{"line":26,"column":6},"end":{"line":26,"column":37}}],"line":23},"3":{"loc":{"start":{"line":35,"column":2},"end":{"line":37,"column":3}},"type":"if","locations":[{"start":{"line":35,"column":2},"end":{"line":37,"column":3}},{"start":{},"end":{}}],"line":35}},"s":{"0":2,"1":2,"2":2,"3":2,"4":2,"5":2,"6":2,"7":2,"8":2,"9":0,"10":2,"11":2,"12":20,"13":18,"14":18,"15":2,"16":18,"17":18,"18":2,"19":2,"20":2},"f":{"0":20,"1":18,"2":18},"b":{"0":[2,0],"1":[0,2],"2":[20,20,18,18],"3":[18,0]},"_coverageSchema":"1a1c01bbd47fc00a2c39e90264f33305004495a9","hash":"065121c8f778b40781d695adccb63ba2c2e8a08f"}
,"C:\\Hacktiv8\\Phase 3\\FINAL_PROJECT\\ScholarSeek-Server\\models\\mentoring.js": {"path":"C:\\Hacktiv8\\Phase 3\\FINAL_PROJECT\\ScholarSeek-Server\\models\\mentoring.js","statementMap":{"0":{"start":{"line":4,"column":4},"end":{"line":4,"column":24}},"1":{"start":{"line":5,"column":0},"end":{"line":26,"column":2}},"2":{"start":{"line":8,"column":6},"end":{"line":8,"column":107}},"3":{"start":{"line":9,"column":6},"end":{"line":9,"column":78}},"4":{"start":{"line":12,"column":2},"end":{"line":24,"column":5}},"5":{"start":{"line":25,"column":2},"end":{"line":25,"column":19}}},"fnMap":{"0":{"name":"(anonymous_0)","decl":{"start":{"line":5,"column":17},"end":{"line":5,"column":18}},"loc":{"start":{"line":5,"column":43},"end":{"line":26,"column":1}},"line":5},"1":{"name":"(anonymous_1)","decl":{"start":{"line":7,"column":4},"end":{"line":7,"column":5}},"loc":{"start":{"line":7,"column":29},"end":{"line":10,"column":5}},"line":7}},"branchMap":{},"s":{"0":2,"1":2,"2":2,"3":2,"4":2,"5":2},"f":{"0":2,"1":2},"b":{},"_coverageSchema":"1a1c01bbd47fc00a2c39e90264f33305004495a9","hash":"5d56fa4ece063e99bffd812fb61eec82be72c3d4"}
,"C:\\Hacktiv8\\Phase 3\\FINAL_PROJECT\\ScholarSeek-Server\\models\\mentoringsessions.js": {"path":"C:\\Hacktiv8\\Phase 3\\FINAL_PROJECT\\ScholarSeek-Server\\models\\mentoringsessions.js","statementMap":{"0":{"start":{"line":4,"column":4},"end":{"line":4,"column":24}},"1":{"start":{"line":5,"column":0},"end":{"line":21,"column":2}},"2":{"start":{"line":8,"column":6},"end":{"line":8,"column":112}},"3":{"start":{"line":9,"column":6},"end":{"line":9,"column":122}},"4":{"start":{"line":13,"column":2},"end":{"line":19,"column":5}},"5":{"start":{"line":20,"column":2},"end":{"line":20,"column":27}}},"fnMap":{"0":{"name":"(anonymous_0)","decl":{"start":{"line":5,"column":17},"end":{"line":5,"column":18}},"loc":{"start":{"line":5,"column":43},"end":{"line":21,"column":1}},"line":5},"1":{"name":"(anonymous_1)","decl":{"start":{"line":7,"column":4},"end":{"line":7,"column":5}},"loc":{"start":{"line":7,"column":29},"end":{"line":11,"column":5}},"line":7}},"branchMap":{},"s":{"0":2,"1":2,"2":2,"3":2,"4":2,"5":2},"f":{"0":2,"1":2},"b":{},"_coverageSchema":"1a1c01bbd47fc00a2c39e90264f33305004495a9","hash":"58e700cf28fc6f14b59ef3f4ed964ac057ea748d"}
,"C:\\Hacktiv8\\Phase 3\\FINAL_PROJECT\\ScholarSeek-Server\\models\\scholarship.js": {"path":"C:\\Hacktiv8\\Phase 3\\FINAL_PROJECT\\ScholarSeek-Server\\models\\scholarship.js","statementMap":{"0":{"start":{"line":2,"column":18},"end":{"line":2,"column":38}},"1":{"start":{"line":3,"column":0},"end":{"line":49,"column":2}},"2":{"start":{"line":6,"column":6},"end":{"line":6,"column":84}},"3":{"start":{"line":9,"column":2},"end":{"line":37,"column":4}},"4":{"start":{"line":41,"column":2},"end":{"line":43,"column":4}},"5":{"start":{"line":42,"column":4},"end":{"line":42,"column":102}},"6":{"start":{"line":44,"column":2},"end":{"line":47,"column":4}},"7":{"start":{"line":45,"column":4},"end":{"line":45,"column":29}},"8":{"start":{"line":46,"column":4},"end":{"line":46,"column":102}},"9":{"start":{"line":48,"column":2},"end":{"line":48,"column":21}}},"fnMap":{"0":{"name":"(anonymous_0)","decl":{"start":{"line":3,"column":17},"end":{"line":3,"column":18}},"loc":{"start":{"line":3,"column":43},"end":{"line":49,"column":1}},"line":3},"1":{"name":"(anonymous_1)","decl":{"start":{"line":5,"column":4},"end":{"line":5,"column":5}},"loc":{"start":{"line":5,"column":29},"end":{"line":7,"column":5}},"line":5},"2":{"name":"(anonymous_2)","decl":{"start":{"line":41,"column":29},"end":{"line":41,"column":30}},"loc":{"start":{"line":41,"column":46},"end":{"line":43,"column":3}},"line":41},"3":{"name":"(anonymous_3)","decl":{"start":{"line":44,"column":27},"end":{"line":44,"column":28}},"loc":{"start":{"line":44,"column":44},"end":{"line":47,"column":3}},"line":44}},"branchMap":{},"s":{"0":2,"1":2,"2":2,"3":2,"4":2,"5":2,"6":2,"7":1,"8":1,"9":2},"f":{"0":2,"1":2,"2":2,"3":1},"b":{},"_coverageSchema":"1a1c01bbd47fc00a2c39e90264f33305004495a9","hash":"06ce8925271b3ea8f93ca7547790a09f7492256f"}
,"C:\\Hacktiv8\\Phase 3\\FINAL_PROJECT\\ScholarSeek-Server\\models\\thread.js": {"path":"C:\\Hacktiv8\\Phase 3\\FINAL_PROJECT\\ScholarSeek-Server\\models\\thread.js","statementMap":{"0":{"start":{"line":4,"column":4},"end":{"line":4,"column":24}},"1":{"start":{"line":5,"column":0},"end":{"line":57,"column":2}},"2":{"start":{"line":8,"column":6},"end":{"line":8,"column":101}},"3":{"start":{"line":9,"column":6},"end":{"line":9,"column":62}},"4":{"start":{"line":10,"column":6},"end":{"line":10,"column":69}},"5":{"start":{"line":13,"column":2},"end":{"line":55,"column":5}},"6":{"start":{"line":48,"column":8},"end":{"line":48,"column":61}},"7":{"start":{"line":49,"column":8},"end":{"line":49,"column":32}},"8":{"start":{"line":50,"column":8},"end":{"line":50,"column":26}},"9":{"start":{"line":56,"column":2},"end":{"line":56,"column":16}}},"fnMap":{"0":{"name":"(anonymous_0)","decl":{"start":{"line":5,"column":17},"end":{"line":5,"column":18}},"loc":{"start":{"line":5,"column":43},"end":{"line":57,"column":1}},"line":5},"1":{"name":"(anonymous_1)","decl":{"start":{"line":7,"column":4},"end":{"line":7,"column":5}},"loc":{"start":{"line":7,"column":29},"end":{"line":11,"column":5}},"line":7},"2":{"name":"(anonymous_2)","decl":{"start":{"line":47,"column":20},"end":{"line":47,"column":21}},"loc":{"start":{"line":47,"column":28},"end":{"line":51,"column":7}},"line":47}},"branchMap":{},"s":{"0":2,"1":2,"2":2,"3":2,"4":2,"5":2,"6":1,"7":1,"8":1,"9":2},"f":{"0":2,"1":2,"2":1},"b":{},"_coverageSchema":"1a1c01bbd47fc00a2c39e90264f33305004495a9","hash":"7b8e2c899af256fc2c314a2a13b8471dc0438cdf"}
,"C:\\Hacktiv8\\Phase 3\\FINAL_PROJECT\\ScholarSeek-Server\\models\\user.js": {"path":"C:\\Hacktiv8\\Phase 3\\FINAL_PROJECT\\ScholarSeek-Server\\models\\user.js","statementMap":{"0":{"start":{"line":4,"column":4},"end":{"line":4,"column":24}},"1":{"start":{"line":5,"column":25},"end":{"line":5,"column":53}},"2":{"start":{"line":6,"column":0},"end":{"line":96,"column":2}},"3":{"start":{"line":9,"column":6},"end":{"line":9,"column":61}},"4":{"start":{"line":10,"column":6},"end":{"line":10,"column":57}},"5":{"start":{"line":11,"column":6},"end":{"line":11,"column":58}},"6":{"start":{"line":12,"column":6},"end":{"line":12,"column":65}},"7":{"start":{"line":13,"column":6},"end":{"line":13,"column":63}},"8":{"start":{"line":14,"column":6},"end":{"line":14,"column":70}},"9":{"start":{"line":17,"column":2},"end":{"line":94,"column":5}},"10":{"start":{"line":85,"column":24},"end":{"line":85,"column":73}},"11":{"start":{"line":86,"column":23},"end":{"line":86,"column":71}},"12":{"start":{"line":87,"column":8},"end":{"line":87,"column":46}},"13":{"start":{"line":88,"column":8},"end":{"line":88,"column":52}},"14":{"start":{"line":89,"column":8},"end":{"line":89,"column":38}},"15":{"start":{"line":95,"column":2},"end":{"line":95,"column":14}}},"fnMap":{"0":{"name":"(anonymous_0)","decl":{"start":{"line":6,"column":17},"end":{"line":6,"column":18}},"loc":{"start":{"line":6,"column":43},"end":{"line":96,"column":1}},"line":6},"1":{"name":"(anonymous_1)","decl":{"start":{"line":8,"column":4},"end":{"line":8,"column":5}},"loc":{"start":{"line":8,"column":29},"end":{"line":15,"column":5}},"line":8},"2":{"name":"(anonymous_2)","decl":{"start":{"line":84,"column":20},"end":{"line":84,"column":21}},"loc":{"start":{"line":84,"column":30},"end":{"line":90,"column":7}},"line":84}},"branchMap":{},"s":{"0":2,"1":2,"2":2,"3":2,"4":2,"5":2,"6":2,"7":2,"8":2,"9":2,"10":5,"11":5,"12":5,"13":5,"14":5,"15":2},"f":{"0":2,"1":2,"2":5},"b":{},"_coverageSchema":"1a1c01bbd47fc00a2c39e90264f33305004495a9","hash":"a4d23f256554e278dc8c056ef765313033dbb1c0"}
,"C:\\Hacktiv8\\Phase 3\\FINAL_PROJECT\\ScholarSeek-Server\\models\\userschool.js": {"path":"C:\\Hacktiv8\\Phase 3\\FINAL_PROJECT\\ScholarSeek-Server\\models\\userschool.js","statementMap":{"0":{"start":{"line":4,"column":4},"end":{"line":4,"column":24}},"1":{"start":{"line":5,"column":0},"end":{"line":22,"column":2}},"2":{"start":{"line":8,"column":6},"end":{"line":8,"column":105}},"3":{"start":{"line":11,"column":2},"end":{"line":20,"column":5}},"4":{"start":{"line":21,"column":2},"end":{"line":21,"column":20}}},"fnMap":{"0":{"name":"(anonymous_0)","decl":{"start":{"line":5,"column":17},"end":{"line":5,"column":18}},"loc":{"start":{"line":5,"column":43},"end":{"line":22,"column":1}},"line":5},"1":{"name":"(anonymous_1)","decl":{"start":{"line":7,"column":4},"end":{"line":7,"column":5}},"loc":{"start":{"line":7,"column":29},"end":{"line":9,"column":5}},"line":7}},"branchMap":{},"s":{"0":2,"1":2,"2":2,"3":2,"4":2},"f":{"0":2,"1":2},"b":{},"_coverageSchema":"1a1c01bbd47fc00a2c39e90264f33305004495a9","hash":"79377f727c6c476b530006ccc81f2f941fe5a919"}
,"C:\\Hacktiv8\\Phase 3\\FINAL_PROJECT\\ScholarSeek-Server\\routes\\admin.js": {"path":"C:\\Hacktiv8\\Phase 3\\FINAL_PROJECT\\ScholarSeek-Server\\routes\\admin.js","statementMap":{"0":{"start":{"line":1,"column":16},"end":{"line":1,"column":34}},"1":{"start":{"line":2,"column":15},"end":{"line":2,"column":31}},"2":{"start":{"line":3,"column":24},"end":{"line":3,"column":65}},"3":{"start":{"line":4,"column":27},"end":{"line":4,"column":67}},"4":{"start":{"line":6,"column":0},"end":{"line":6,"column":48}},"5":{"start":{"line":8,"column":0},"end":{"line":8,"column":26}},"6":{"start":{"line":10,"column":0},"end":{"line":10,"column":54}},"7":{"start":{"line":14,"column":0},"end":{"line":14,"column":63}},"8":{"start":{"line":15,"column":0},"end":{"line":15,"column":62}},"9":{"start":{"line":16,"column":0},"end":{"line":16,"column":70}},"10":{"start":{"line":17,"column":0},"end":{"line":17,"column":70}},"11":{"start":{"line":18,"column":0},"end":{"line":18,"column":77}},"12":{"start":{"line":28,"column":0},"end":{"line":28,"column":23}}},"fnMap":{},"branchMap":{},"s":{"0":2,"1":2,"2":2,"3":2,"4":2,"5":2,"6":2,"7":2,"8":2,"9":2,"10":2,"11":2,"12":2},"f":{},"b":{},"_coverageSchema":"1a1c01bbd47fc00a2c39e90264f33305004495a9","hash":"bd881dcb0c67dd47998d34b91d4482fd2ff40c33"}
,"C:\\Hacktiv8\\Phase 3\\FINAL_PROJECT\\ScholarSeek-Server\\routes\\client.js": {"path":"C:\\Hacktiv8\\Phase 3\\FINAL_PROJECT\\ScholarSeek-Server\\routes\\client.js","statementMap":{"0":{"start":{"line":1,"column":16},"end":{"line":1,"column":34}},"1":{"start":{"line":2,"column":15},"end":{"line":2,"column":31}},"2":{"start":{"line":3,"column":25},"end":{"line":3,"column":67}},"3":{"start":{"line":4,"column":27},"end":{"line":4,"column":67}},"4":{"start":{"line":5,"column":15},"end":{"line":5,"column":47}},"5":{"start":{"line":7,"column":0},"end":{"line":7,"column":49}},"6":{"start":{"line":8,"column":0},"end":{"line":8,"column":94}},"7":{"start":{"line":9,"column":0},"end":{"line":9,"column":92}},"8":{"start":{"line":11,"column":0},"end":{"line":11,"column":64}},"9":{"start":{"line":12,"column":0},"end":{"line":12,"column":71}},"10":{"start":{"line":14,"column":0},"end":{"line":14,"column":26}},"11":{"start":{"line":16,"column":0},"end":{"line":16,"column":63}},"12":{"start":{"line":20,"column":0},"end":{"line":20,"column":54}},"13":{"start":{"line":21,"column":0},"end":{"line":21,"column":53}},"14":{"start":{"line":22,"column":0},"end":{"line":22,"column":66}},"15":{"start":{"line":24,"column":0},"end":{"line":24,"column":73}},"16":{"start":{"line":25,"column":0},"end":{"line":25,"column":82}},"17":{"start":{"line":33,"column":0},"end":{"line":33,"column":71}},"18":{"start":{"line":40,"column":0},"end":{"line":40,"column":23}}},"fnMap":{},"branchMap":{},"s":{"0":2,"1":2,"2":2,"3":2,"4":2,"5":2,"6":2,"7":2,"8":2,"9":2,"10":2,"11":2,"12":2,"13":2,"14":2,"15":2,"16":2,"17":2,"18":2},"f":{},"b":{},"_coverageSchema":"1a1c01bbd47fc00a2c39e90264f33305004495a9","hash":"16361dd78c8ec14534e32e256b3c709ed2ba718b"}
,"C:\\Hacktiv8\\Phase 3\\FINAL_PROJECT\\ScholarSeek-Server\\routes\\index.js": {"path":"C:\\Hacktiv8\\Phase 3\\FINAL_PROJECT\\ScholarSeek-Server\\routes\\index.js","statementMap":{"0":{"start":{"line":1,"column":16},"end":{"line":1,"column":34}},"1":{"start":{"line":2,"column":15},"end":{"line":2,"column":31}},"2":{"start":{"line":3,"column":14},"end":{"line":3,"column":32}},"3":{"start":{"line":4,"column":15},"end":{"line":4,"column":34}},"4":{"start":{"line":6,"column":0},"end":{"line":6,"column":27}},"5":{"start":{"line":7,"column":0},"end":{"line":7,"column":29}},"6":{"start":{"line":9,"column":0},"end":{"line":9,"column":23}}},"fnMap":{},"branchMap":{},"s":{"0":2,"1":2,"2":2,"3":2,"4":2,"5":2,"6":2},"f":{},"b":{},"_coverageSchema":"1a1c01bbd47fc00a2c39e90264f33305004495a9","hash":"2073cce8c28e166e819fd81e9966d45edf9f025e"}
,"C:\\Hacktiv8\\Phase 3\\FINAL_PROJECT\\ScholarSeek-Server\\utils\\cloudinary.js": {"path":"C:\\Hacktiv8\\Phase 3\\FINAL_PROJECT\\ScholarSeek-Server\\utils\\cloudinary.js","statementMap":{"0":{"start":{"line":1,"column":19},"end":{"line":1,"column":43}},"1":{"start":{"line":3,"column":0},"end":{"line":7,"column":3}},"2":{"start":{"line":9,"column":0},"end":{"line":9,"column":28}}},"fnMap":{},"branchMap":{},"s":{"0":2,"1":2,"2":2},"f":{},"b":{},"_coverageSchema":"1a1c01bbd47fc00a2c39e90264f33305004495a9","hash":"8bc08ede5f88cca1362b5e154cef0faf4ee5c08e"}
}
