TN:
SF:app.js
FN:15,(anonymous_0)
FNF:1
FNH:1
FNDA:1,(anonymous_0)
DA:1,2
DA:2,2
DA:4,2
DA:5,2
DA:6,2
DA:7,2
DA:8,2
DA:9,2
DA:11,2
DA:12,2
DA:13,2
DA:15,2
DA:16,1
DA:18,2
DA:19,2
DA:26,2
LF:16
LH:16
BRDA:1,0,0,2
BRDA:1,0,1,0
BRDA:7,1,0,2
BRDA:7,1,1,2
BRF:4
BRH:3
end_of_record
TN:
SF:controllers\adminController.js
FN:7,(anonymous_0)
FN:34,(anonymous_1)
FN:53,(anonymous_2)
FN:100,(anonymous_3)
FN:111,(anonymous_4)
FN:122,(anonymous_5)
FN:143,(anonymous_6)
FN:162,(anonymous_7)
FN:169,(anonymous_8)
FN:186,(anonymous_9)
FN:230,(anonymous_10)
FN:255,(anonymous_11)
FN:262,(anonymous_12)
FN:287,(anonymous_13)
FNF:14
FNH:14
FNDA:4,(anonymous_0)
FNDA:2,(anonymous_1)
FNDA:8,(anonymous_2)
FNDA:1,(anonymous_3)
FNDA:1,(anonymous_4)
FNDA:1,(anonymous_5)
FNDA:2,(anonymous_6)
FNDA:20,(anonymous_7)
FNDA:2,(anonymous_8)
FNDA:2,(anonymous_9)
FNDA:2,(anonymous_10)
FNDA:10,(anonymous_11)
FNDA:1,(anonymous_12)
FNDA:2,(anonymous_13)
DA:1,2
DA:2,2
DA:3,2
DA:4,2
DA:8,4
DA:9,4
DA:10,4
DA:11,4
DA:13,3
DA:14,3
DA:16,2
DA:17,2
DA:19,1
DA:20,1
DA:29,3
DA:30,3
DA:35,2
DA:36,2
DA:37,2
DA:39,2
DA:47,1
DA:49,1
DA:54,8
DA:56,8
DA:58,8
DA:60,8
DA:84,8
DA:85,1
DA:90,8
DA:94,1
DA:95,1
DA:97,8
DA:98,1
DA:100,1
DA:101,1
DA:102,1
DA:108,8
DA:109,1
DA:111,1
DA:112,1
DA:113,1
DA:119,8
DA:120,1
DA:122,1
DA:123,1
DA:124,1
DA:130,8
DA:132,8
DA:137,7
DA:139,1
DA:140,1
DA:144,2
DA:145,2
DA:146,2
DA:147,2
DA:148,2
DA:149,2
DA:150,2
DA:162,2
DA:163,20
DA:164,6
DA:165,14
DA:166,14
DA:169,2
DA:170,2
DA:172,2
DA:173,2
DA:180,1
DA:182,1
DA:183,1
DA:187,2
DA:188,2
DA:189,2
DA:192,2
DA:193,2
DA:194,1
DA:198,1
DA:224,1
DA:226,1
DA:227,1
DA:231,2
DA:233,2
DA:236,2
DA:237,1
DA:238,1
DA:239,1
DA:240,1
DA:241,1
DA:242,1
DA:243,1
DA:255,1
DA:256,10
DA:257,3
DA:258,7
DA:259,7
DA:262,1
DA:263,1
DA:266,1
DA:278,1
DA:279,1
DA:283,1
DA:284,1
DA:288,2
DA:289,2
DA:292,2
DA:293,1
DA:294,1
DA:296,1
DA:301,2
LF:109
LH:109
BRDA:11,0,0,1
BRDA:11,0,1,3
BRDA:11,1,0,4
BRDA:11,1,1,3
BRDA:14,2,0,1
BRDA:14,2,1,2
BRDA:17,3,0,1
BRDA:17,3,1,1
BRDA:56,4,0,1
BRDA:56,4,1,7
BRDA:56,5,0,8
BRDA:56,5,1,1
BRDA:58,6,0,1
BRDA:58,6,1,7
BRDA:58,7,0,8
BRDA:58,7,1,1
BRDA:84,8,0,1
BRDA:84,8,1,7
BRDA:90,9,0,1
BRDA:90,9,1,7
BRDA:91,10,0,8
BRDA:91,10,1,1
BRDA:97,11,0,1
BRDA:97,11,1,7
BRDA:101,12,0,1
BRDA:101,12,1,0
BRDA:108,13,0,1
BRDA:108,13,1,7
BRDA:112,14,0,1
BRDA:112,14,1,0
BRDA:119,15,0,1
BRDA:119,15,1,7
BRDA:123,16,0,1
BRDA:123,16,1,0
BRDA:163,17,0,6
BRDA:163,17,1,14
BRDA:165,18,0,14
BRDA:165,18,1,0
BRDA:193,19,0,1
BRDA:193,19,1,1
BRDA:236,20,0,1
BRDA:236,20,1,1
BRDA:256,21,0,3
BRDA:256,21,1,7
BRDA:258,22,0,7
BRDA:258,22,1,0
BRDA:292,23,0,1
BRDA:292,23,1,1
BRF:48
BRH:43
end_of_record
TN:
SF:controllers\clientController.js
FN:18,(anonymous_0)
FN:44,(anonymous_1)
FN:140,(anonymous_2)
FN:211,(anonymous_3)
FN:235,(anonymous_4)
FN:282,(anonymous_5)
FN:293,(anonymous_6)
FN:304,(anonymous_7)
FN:326,(anonymous_8)
FN:372,(anonymous_9)
FN:446,(anonymous_10)
FN:499,(anonymous_11)
FN:508,(anonymous_12)
FN:523,(anonymous_13)
FN:538,(anonymous_14)
FNF:15
FNH:15
FNDA:4,(anonymous_0)
FNDA:8,(anonymous_1)
FNDA:6,(anonymous_2)
FNDA:2,(anonymous_3)
FNDA:8,(anonymous_4)
FNDA:1,(anonymous_5)
FNDA:1,(anonymous_6)
FNDA:1,(anonymous_7)
FNDA:2,(anonymous_8)
FNDA:3,(anonymous_9)
FNDA:2,(anonymous_10)
FNDA:3,(anonymous_11)
FNDA:3,(anonymous_12)
FNDA:2,(anonymous_13)
FNDA:2,(anonymous_14)
DA:9,2
DA:10,2
DA:11,2
DA:12,2
DA:13,2
DA:14,2
DA:15,2
DA:19,4
DA:21,4
DA:22,4
DA:24,3
DA:25,3
DA:27,2
DA:28,2
DA:30,1
DA:31,1
DA:39,3
DA:40,3
DA:45,8
DA:47,8
DA:60,8
DA:61,8
DA:63,8
DA:64,1
DA:66,7
DA:67,4
DA:70,3
DA:71,3
DA:78,2
DA:81,1
DA:82,1
DA:92,2
DA:107,2
DA:108,1
DA:113,1
DA:115,1
DA:116,2
DA:125,1
DA:128,2
DA:129,2
DA:134,5
DA:135,5
DA:136,5
DA:141,6
DA:142,6
DA:153,6
DA:156,6
DA:158,6
DA:159,1
DA:161,5
DA:162,3
DA:164,2
DA:165,2
DA:169,1
DA:172,1
DA:173,1
DA:183,1
DA:197,1
DA:202,1
DA:203,1
DA:205,4
DA:206,4
DA:207,4
DA:212,2
DA:213,2
DA:227,2
DA:228,1
DA:230,1
DA:231,1
DA:236,8
DA:238,8
DA:240,8
DA:242,8
DA:266,8
DA:267,1
DA:272,8
DA:276,1
DA:277,1
DA:279,8
DA:280,1
DA:282,1
DA:283,1
DA:284,1
DA:290,8
DA:291,1
DA:293,1
DA:294,1
DA:295,1
DA:301,8
DA:302,1
DA:304,1
DA:305,1
DA:306,1
DA:314,8
DA:319,7
DA:321,1
DA:322,1
DA:327,2
DA:329,2
DA:333,2
DA:334,1
DA:338,1
DA:365,1
DA:367,1
DA:368,1
DA:373,3
DA:378,3
DA:416,3
DA:417,1
DA:437,3
DA:438,3
DA:439,2
DA:441,1
DA:442,1
DA:447,2
DA:448,2
DA:449,2
DA:491,1
DA:492,1
DA:494,1
DA:495,1
DA:500,3
DA:501,3
DA:502,1
DA:504,2
DA:509,3
DA:510,3
DA:511,3
DA:516,1
DA:518,2
DA:519,2
DA:524,2
DA:526,2
DA:528,2
DA:529,1
DA:533,1
DA:534,1
DA:539,2
DA:540,2
DA:544,1
DA:546,1
DA:553,2
LF:142
LH:142
BRDA:22,0,0,1
BRDA:22,0,1,3
BRDA:22,1,0,4
BRDA:22,1,1,3
BRDA:25,2,0,1
BRDA:25,2,1,2
BRDA:28,3,0,1
BRDA:28,3,1,1
BRDA:63,4,0,1
BRDA:63,4,1,7
BRDA:66,5,0,4
BRDA:66,5,1,3
BRDA:66,6,0,7
BRDA:66,6,1,6
BRDA:66,6,2,5
BRDA:66,6,3,4
BRDA:107,7,0,1
BRDA:107,7,1,1
BRDA:158,8,0,1
BRDA:158,8,1,5
BRDA:161,9,0,3
BRDA:161,9,1,2
BRDA:161,10,0,5
BRDA:161,10,1,4
BRDA:161,10,2,3
BRDA:227,11,0,1
BRDA:227,11,1,1
BRDA:238,12,0,1
BRDA:238,12,1,7
BRDA:238,13,0,8
BRDA:238,13,1,1
BRDA:240,14,0,1
BRDA:240,14,1,7
BRDA:240,15,0,8
BRDA:240,15,1,1
BRDA:266,16,0,1
BRDA:266,16,1,7
BRDA:272,17,0,1
BRDA:272,17,1,7
BRDA:273,18,0,8
BRDA:273,18,1,1
BRDA:279,19,0,1
BRDA:279,19,1,7
BRDA:283,20,0,1
BRDA:283,20,1,0
BRDA:290,21,0,1
BRDA:290,21,1,7
BRDA:294,22,0,1
BRDA:294,22,1,0
BRDA:301,23,0,1
BRDA:301,23,1,7
BRDA:305,24,0,1
BRDA:305,24,1,0
BRDA:333,25,0,1
BRDA:333,25,1,1
BRDA:416,26,0,1
BRDA:416,26,1,2
BRDA:416,27,0,3
BRDA:416,27,1,3
BRF:59
BRH:56
end_of_record
TN:
SF:helpers\bcrypt.js
FN:3,hashPassword
FN:8,comparePassword
FNF:2
FNH:2
FNDA:5,hashPassword
FNDA:4,comparePassword
DA:1,2
DA:4,5
DA:5,5
DA:9,4
DA:10,4
DA:13,2
LF:6
LH:6
BRF:0
BRH:0
end_of_record
TN:
SF:helpers\jwt.js
FN:4,signToken
FN:9,verifyToken
FNF:2
FNH:2
FNDA:3,signToken
FNDA:38,verifyToken
DA:1,2
DA:2,2
DA:5,3
DA:6,3
DA:10,38
DA:11,37
DA:14,2
LF:7
LH:7
BRF:0
BRH:0
end_of_record
TN:
SF:middlewares\authentication.js
FN:4,(anonymous_0)
FNF:1
FNH:1
FNDA:39,(anonymous_0)
DA:1,2
DA:2,2
DA:4,2
DA:5,39
DA:6,39
DA:7,39
DA:9,38
DA:10,37
DA:11,36
DA:13,35
DA:15,35
DA:17,4
DA:21,2
LF:13
LH:13
BRDA:7,0,0,1
BRDA:7,0,1,38
BRDA:11,1,0,1
BRDA:11,1,1,35
BRF:4
BRH:4
end_of_record
TN:
SF:middlewares\errorHandling.js
FN:1,(anonymous_0)
FNF:1
FNH:1
FNDA:36,(anonymous_0)
DA:1,2
DA:2,36
DA:5,3
DA:6,3
DA:8,2
DA:9,2
DA:11,4
DA:12,4
DA:14,5
DA:15,5
DA:21,3
DA:22,3
DA:24,2
DA:25,2
DA:27,7
DA:28,7
DA:33,10
DA:34,10
DA:38,2
LF:19
LH:19
BRDA:2,0,0,2
BRDA:2,0,1,3
BRDA:2,0,2,2
BRDA:2,0,3,4
BRDA:2,0,4,5
BRDA:2,0,5,1
BRDA:2,0,6,3
BRDA:2,0,7,2
BRDA:2,0,8,7
BRDA:2,0,9,10
BRF:10
BRH:10
end_of_record
TN:
SF:middlewares\multer.js
FN:4,(anonymous_0)
FNF:1
FNH:1
FNDA:12,(anonymous_0)
DA:1,2
DA:3,2
DA:5,12
DA:9,2
DA:11,2
LF:5
LH:5
BRF:0
BRH:0
end_of_record
TN:
SF:models\bookmarkscholarship.js
FN:5,(anonymous_0)
FN:7,(anonymous_1)
FNF:2
FNH:2
FNDA:2,(anonymous_0)
FNDA:2,(anonymous_1)
DA:4,2
DA:5,2
DA:8,2
DA:9,2
DA:12,2
DA:19,2
LF:6
LH:6
BRF:0
BRH:0
end_of_record
TN:
SF:models\bookmarkthread.js
FN:5,(anonymous_0)
FN:7,(anonymous_1)
FNF:2
FNH:2
FNDA:2,(anonymous_0)
FNDA:2,(anonymous_1)
DA:4,2
DA:5,2
DA:8,2
DA:9,2
DA:12,2
DA:19,2
LF:6
LH:6
BRF:0
BRH:0
end_of_record
TN:
SF:models\comment.js
FN:5,(anonymous_0)
FN:7,(anonymous_1)
FN:31,(anonymous_2)
FNF:3
FNH:3
FNDA:2,(anonymous_0)
FNDA:2,(anonymous_1)
FNDA:1,(anonymous_2)
DA:4,2
DA:5,2
DA:8,2
DA:9,2
DA:12,2
DA:32,1
DA:33,1
DA:39,2
LF:8
LH:8
BRF:0
BRH:0
end_of_record
TN:
SF:models\index.js
FN:21,(anonymous_0)
FN:29,(anonymous_1)
FN:34,(anonymous_2)
FNF:3
FNH:3
FNDA:20,(anonymous_0)
FNDA:18,(anonymous_1)
FNDA:18,(anonymous_2)
DA:3,2
DA:4,2
DA:5,2
DA:6,2
DA:7,2
DA:8,2
DA:9,2
DA:10,2
DA:13,2
DA:14,0
DA:16,2
DA:19,2
DA:22,20
DA:30,18
DA:31,18
DA:34,2
DA:35,18
DA:36,18
DA:40,2
DA:41,2
DA:43,2
LF:21
LH:20
BRDA:8,0,0,2
BRDA:8,0,1,0
BRDA:13,1,0,0
BRDA:13,1,1,2
BRDA:23,2,0,20
BRDA:23,2,1,20
BRDA:23,2,2,18
BRDA:23,2,3,18
BRDA:35,3,0,18
BRDA:35,3,1,0
BRF:10
BRH:7
end_of_record
TN:
SF:models\mentoring.js
FN:5,(anonymous_0)
FN:7,(anonymous_1)
FNF:2
FNH:2
FNDA:2,(anonymous_0)
FNDA:2,(anonymous_1)
DA:4,2
DA:5,2
DA:8,2
DA:9,2
DA:12,2
DA:25,2
LF:6
LH:6
BRF:0
BRH:0
end_of_record
TN:
SF:models\mentoringsessions.js
FN:5,(anonymous_0)
FN:7,(anonymous_1)
FNF:2
FNH:2
FNDA:2,(anonymous_0)
FNDA:2,(anonymous_1)
DA:4,2
DA:5,2
DA:8,2
DA:9,2
DA:13,2
DA:20,2
LF:6
LH:6
BRF:0
BRH:0
end_of_record
TN:
SF:models\scholarship.js
FN:3,(anonymous_0)
FN:5,(anonymous_1)
FN:41,(anonymous_2)
FN:44,(anonymous_3)
FNF:4
FNH:4
FNDA:2,(anonymous_0)
FNDA:2,(anonymous_1)
FNDA:2,(anonymous_2)
FNDA:1,(anonymous_3)
DA:2,2
DA:3,2
DA:6,2
DA:9,2
DA:41,2
DA:42,2
DA:44,2
DA:45,1
DA:46,1
DA:48,2
LF:10
LH:10
BRF:0
BRH:0
end_of_record
TN:
SF:models\thread.js
FN:5,(anonymous_0)
FN:7,(anonymous_1)
FN:47,(anonymous_2)
FNF:3
FNH:3
FNDA:2,(anonymous_0)
FNDA:2,(anonymous_1)
FNDA:1,(anonymous_2)
DA:4,2
DA:5,2
DA:8,2
DA:9,2
DA:10,2
DA:13,2
DA:48,1
DA:49,1
DA:50,1
DA:56,2
LF:10
LH:10
BRF:0
BRH:0
end_of_record
TN:
SF:models\user.js
FN:6,(anonymous_0)
FN:8,(anonymous_1)
FN:84,(anonymous_2)
FNF:3
FNH:3
FNDA:2,(anonymous_0)
FNDA:2,(anonymous_1)
FNDA:5,(anonymous_2)
DA:4,2
DA:5,2
DA:6,2
DA:9,2
DA:10,2
DA:11,2
DA:12,2
DA:13,2
DA:14,2
DA:17,2
DA:85,5
DA:86,5
DA:87,5
DA:88,5
DA:89,5
DA:95,2
LF:16
LH:16
BRF:0
BRH:0
end_of_record
TN:
SF:models\userschool.js
FN:5,(anonymous_0)
FN:7,(anonymous_1)
FNF:2
FNH:2
FNDA:2,(anonymous_0)
FNDA:2,(anonymous_1)
DA:4,2
DA:5,2
DA:8,2
DA:11,2
DA:21,2
LF:5
LH:5
BRF:0
BRH:0
end_of_record
TN:
SF:routes\admin.js
FNF:0
FNH:0
DA:1,2
DA:2,2
DA:3,2
DA:4,2
DA:6,2
DA:8,2
DA:10,2
DA:14,2
DA:15,2
DA:16,2
DA:17,2
DA:18,2
DA:28,2
LF:13
LH:13
BRF:0
BRH:0
end_of_record
TN:
SF:routes\client.js
FNF:0
FNH:0
DA:1,2
DA:2,2
DA:3,2
DA:4,2
DA:5,2
DA:7,2
DA:8,2
DA:9,2
DA:11,2
DA:12,2
DA:14,2
DA:16,2
DA:20,2
DA:21,2
DA:22,2
DA:24,2
DA:25,2
DA:33,2
DA:40,2
LF:19
LH:19
BRF:0
BRH:0
end_of_record
TN:
SF:routes\index.js
FNF:0
FNH:0
DA:1,2
DA:2,2
DA:3,2
DA:4,2
DA:6,2
DA:7,2
DA:9,2
LF:7
LH:7
BRF:0
BRH:0
end_of_record
TN:
SF:utils\cloudinary.js
FNF:0
FNH:0
DA:1,2
DA:3,2
DA:9,2
LF:3
LH:3
BRF:0
BRH:0
end_of_record
